mode: set
github.com/syntropysoft/praetorian-go/cmd/praetorian/main.go:18.13,37.61 1 0
github.com/syntropysoft/praetorian-go/cmd/praetorian/main.go:37.61,39.34 1 0
github.com/syntropysoft/praetorian-go/cmd/praetorian/main.go:39.34,41.5 1 0
github.com/syntropysoft/praetorian-go/cmd/praetorian/main.go:46.2,49.42 2 0
github.com/syntropysoft/praetorian-go/cmd/praetorian/main.go:49.42,52.3 2 0
github.com/syntropysoft/praetorian-go/cmd/praetorian/main.go:56.19,70.2 12 0
github.com/syntropysoft/praetorian-go/cmd/praetorian/main.go:73.42,91.55 4 0
github.com/syntropysoft/praetorian-go/cmd/praetorian/main.go:91.55,101.4 6 0
github.com/syntropysoft/praetorian-go/cmd/praetorian/main.go:104.2,108.12 4 0
github.com/syntropysoft/praetorian-go/cmd/praetorian/main.go:112.39,127.55 4 0
github.com/syntropysoft/praetorian-go/cmd/praetorian/main.go:127.55,137.4 6 0
github.com/syntropysoft/praetorian-go/cmd/praetorian/main.go:140.2,144.12 4 0
github.com/syntropysoft/praetorian-go/cmd/praetorian/main.go:148.38,162.55 2 0
github.com/syntropysoft/praetorian-go/cmd/praetorian/main.go:162.55,170.4 4 0
github.com/syntropysoft/praetorian-go/cmd/praetorian/main.go:173.2,175.12 2 0
github.com/syntropysoft/praetorian-go/cmd/praetorian/main.go:179.41,183.48 1 0
github.com/syntropysoft/praetorian-go/cmd/praetorian/main.go:183.48,188.4 4 0
github.com/syntropysoft/praetorian-go/cmd/praetorian/main.go:191.2,191.12 1 0
github.com/syntropysoft/praetorian-go/internal/adapters/loaders/file_reader.go:19.59,26.2 2 0
github.com/syntropysoft/praetorian-go/internal/adapters/loaders/file_reader.go:29.48,31.20 1 0
github.com/syntropysoft/praetorian-go/internal/adapters/loaders/file_reader.go:31.20,33.3 1 0
github.com/syntropysoft/praetorian-go/internal/adapters/loaders/file_reader.go:36.2,36.30 1 0
github.com/syntropysoft/praetorian-go/internal/adapters/loaders/file_reader.go:36.30,38.3 1 0
github.com/syntropysoft/praetorian-go/internal/adapters/loaders/file_reader.go:41.2,41.40 1 0
github.com/syntropysoft/praetorian-go/internal/adapters/loaders/file_reader.go:45.35,47.16 2 0
github.com/syntropysoft/praetorian-go/internal/adapters/loaders/file_reader.go:47.16,49.3 1 0
github.com/syntropysoft/praetorian-go/internal/adapters/loaders/file_reader.go:50.2,50.12 1 0
github.com/syntropysoft/praetorian-go/internal/adapters/loaders/file_reader.go:54.56,56.16 2 0
github.com/syntropysoft/praetorian-go/internal/adapters/loaders/file_reader.go:56.16,58.3 1 0
github.com/syntropysoft/praetorian-go/internal/adapters/loaders/file_reader.go:59.2,59.16 1 0
github.com/syntropysoft/praetorian-go/internal/adapters/loaders/file_reader.go:63.69,65.53 1 0
github.com/syntropysoft/praetorian-go/internal/adapters/loaders/file_reader.go:65.53,67.3 1 0
github.com/syntropysoft/praetorian-go/internal/adapters/loaders/file_reader.go:70.2,70.29 1 0
github.com/syntropysoft/praetorian-go/internal/adapters/loaders/file_reader.go:70.29,72.3 1 0
github.com/syntropysoft/praetorian-go/internal/adapters/loaders/file_reader.go:75.2,77.16 3 0
github.com/syntropysoft/praetorian-go/internal/adapters/loaders/file_reader.go:77.16,79.3 1 0
github.com/syntropysoft/praetorian-go/internal/adapters/loaders/file_reader.go:81.2,81.21 1 0
github.com/syntropysoft/praetorian-go/internal/adapters/loaders/file_reader.go:85.60,87.53 1 0
github.com/syntropysoft/praetorian-go/internal/adapters/loaders/file_reader.go:87.53,89.3 1 0
github.com/syntropysoft/praetorian-go/internal/adapters/loaders/file_reader.go:91.2,93.28 3 0
github.com/syntropysoft/praetorian-go/internal/adapters/loaders/file_reader.go:97.82,99.53 1 0
github.com/syntropysoft/praetorian-go/internal/adapters/loaders/file_reader.go:99.53,101.3 1 0
github.com/syntropysoft/praetorian-go/internal/adapters/loaders/file_reader.go:104.2,104.29 1 0
github.com/syntropysoft/praetorian-go/internal/adapters/loaders/file_reader.go:104.29,106.3 1 0
github.com/syntropysoft/praetorian-go/internal/adapters/loaders/file_reader.go:108.2,110.16 3 0
github.com/syntropysoft/praetorian-go/internal/adapters/loaders/file_reader.go:110.16,112.3 1 0
github.com/syntropysoft/praetorian-go/internal/adapters/loaders/file_reader.go:114.2,119.8 1 0
github.com/syntropysoft/praetorian-go/internal/adapters/loaders/file_reader.go:123.67,124.20 1 0
github.com/syntropysoft/praetorian-go/internal/adapters/loaders/file_reader.go:124.20,126.3 1 0
github.com/syntropysoft/praetorian-go/internal/adapters/loaders/file_reader.go:129.2,129.38 1 0
github.com/syntropysoft/praetorian-go/internal/adapters/loaders/file_reader.go:129.38,131.3 1 0
github.com/syntropysoft/praetorian-go/internal/adapters/loaders/file_reader.go:134.2,134.30 1 0
github.com/syntropysoft/praetorian-go/internal/adapters/loaders/file_reader.go:134.30,136.47 1 0
github.com/syntropysoft/praetorian-go/internal/adapters/loaders/file_reader.go:136.47,138.4 1 0
github.com/syntropysoft/praetorian-go/internal/adapters/loaders/file_reader.go:141.2,141.12 1 0
github.com/syntropysoft/praetorian-go/internal/adapters/loaders/file_reader.go:145.63,146.30 1 0
github.com/syntropysoft/praetorian-go/internal/adapters/loaders/file_reader.go:146.30,148.3 1 0
github.com/syntropysoft/praetorian-go/internal/adapters/loaders/file_reader.go:149.2,149.44 1 0
github.com/syntropysoft/praetorian-go/internal/adapters/loaders/file_reader.go:153.48,155.2 1 0
github.com/syntropysoft/praetorian-go/internal/adapters/loaders/file_reader.go:158.62,160.51 1 0
github.com/syntropysoft/praetorian-go/internal/adapters/loaders/file_reader.go:160.51,162.3 1 0
github.com/syntropysoft/praetorian-go/internal/adapters/loaders/file_reader.go:165.2,165.58 1 0
github.com/syntropysoft/praetorian-go/internal/adapters/loaders/file_reader.go:165.58,167.3 1 0
github.com/syntropysoft/praetorian-go/internal/adapters/loaders/file_reader.go:170.2,171.12 2 0
github.com/syntropysoft/praetorian-go/internal/adapters/loaders/file_reader.go:175.46,176.20 1 0
github.com/syntropysoft/praetorian-go/internal/adapters/loaders/file_reader.go:176.20,178.3 1 0
github.com/syntropysoft/praetorian-go/internal/adapters/loaders/file_reader.go:179.2,179.12 1 0
github.com/syntropysoft/praetorian-go/internal/adapters/loaders/file_reader.go:183.49,185.16 2 0
github.com/syntropysoft/praetorian-go/internal/adapters/loaders/file_reader.go:185.16,187.3 1 0
github.com/syntropysoft/praetorian-go/internal/adapters/loaders/file_reader.go:189.2,189.19 1 0
github.com/syntropysoft/praetorian-go/internal/adapters/loaders/file_reader.go:189.19,191.3 1 0
github.com/syntropysoft/praetorian-go/internal/adapters/loaders/file_reader.go:193.2,193.12 1 0
github.com/syntropysoft/praetorian-go/internal/adapters/loaders/file_reader.go:197.71,199.49 1 0
github.com/syntropysoft/praetorian-go/internal/adapters/loaders/file_reader.go:199.49,201.3 1 0
github.com/syntropysoft/praetorian-go/internal/adapters/loaders/file_reader.go:204.2,205.16 2 0
github.com/syntropysoft/praetorian-go/internal/adapters/loaders/file_reader.go:205.16,207.3 1 0
github.com/syntropysoft/praetorian-go/internal/adapters/loaders/file_reader.go:210.2,210.57 1 0
github.com/syntropysoft/praetorian-go/internal/adapters/loaders/file_reader.go:214.44,215.19 1 0
github.com/syntropysoft/praetorian-go/internal/adapters/loaders/file_reader.go:215.19,217.3 1 0
github.com/syntropysoft/praetorian-go/internal/adapters/loaders/file_reader.go:218.2,218.12 1 0
github.com/syntropysoft/praetorian-go/internal/adapters/loaders/file_reader.go:222.58,224.16 2 0
github.com/syntropysoft/praetorian-go/internal/adapters/loaders/file_reader.go:224.16,226.3 1 0
github.com/syntropysoft/praetorian-go/internal/adapters/loaders/file_reader.go:227.2,227.21 1 0
github.com/syntropysoft/praetorian-go/internal/adapters/loaders/file_reader.go:231.79,234.40 2 0
github.com/syntropysoft/praetorian-go/internal/adapters/loaders/file_reader.go:234.40,235.71 1 0
github.com/syntropysoft/praetorian-go/internal/adapters/loaders/file_reader.go:235.71,237.4 1 0
github.com/syntropysoft/praetorian-go/internal/adapters/loaders/file_reader.go:241.2,241.22 1 0
github.com/syntropysoft/praetorian-go/internal/adapters/loaders/file_reader.go:245.57,247.49 1 0
github.com/syntropysoft/praetorian-go/internal/adapters/loaders/file_reader.go:247.49,249.3 1 0
github.com/syntropysoft/praetorian-go/internal/adapters/loaders/file_reader.go:251.2,253.16 3 0
github.com/syntropysoft/praetorian-go/internal/adapters/loaders/file_reader.go:253.16,255.3 1 0
github.com/syntropysoft/praetorian-go/internal/adapters/loaders/file_reader.go:257.2,257.21 1 0
github.com/syntropysoft/praetorian-go/internal/adapters/loaders/file_reader.go:261.71,263.53 1 0
github.com/syntropysoft/praetorian-go/internal/adapters/loaders/file_reader.go:263.53,265.3 1 0
github.com/syntropysoft/praetorian-go/internal/adapters/loaders/file_reader.go:268.2,268.29 1 0
github.com/syntropysoft/praetorian-go/internal/adapters/loaders/file_reader.go:268.29,270.3 1 0
github.com/syntropysoft/praetorian-go/internal/adapters/loaders/file_reader.go:272.2,274.16 3 0
github.com/syntropysoft/praetorian-go/internal/adapters/loaders/file_reader.go:274.16,276.3 1 0
github.com/syntropysoft/praetorian-go/internal/adapters/loaders/file_reader.go:278.2,278.25 1 0
github.com/syntropysoft/praetorian-go/internal/adapters/loaders/file_reader.go:282.78,284.53 1 0
github.com/syntropysoft/praetorian-go/internal/adapters/loaders/file_reader.go:284.53,286.3 1 0
github.com/syntropysoft/praetorian-go/internal/adapters/loaders/file_reader.go:289.2,289.29 1 0
github.com/syntropysoft/praetorian-go/internal/adapters/loaders/file_reader.go:289.29,291.3 1 0
github.com/syntropysoft/praetorian-go/internal/adapters/loaders/file_reader.go:293.2,295.16 3 0
github.com/syntropysoft/praetorian-go/internal/adapters/loaders/file_reader.go:295.16,297.3 1 0
github.com/syntropysoft/praetorian-go/internal/adapters/loaders/file_reader.go:299.2,299.28 1 0
github.com/syntropysoft/praetorian-go/internal/cli/audit.go:10.39,30.2 5 0
github.com/syntropysoft/praetorian-go/internal/cli/audit.go:33.56,35.16 1 0
github.com/syntropysoft/praetorian-go/internal/cli/audit.go:35.16,37.3 1 0
github.com/syntropysoft/praetorian-go/internal/cli/audit.go:40.2,41.16 2 0
github.com/syntropysoft/praetorian-go/internal/cli/audit.go:41.16,43.3 1 0
github.com/syntropysoft/praetorian-go/internal/cli/audit.go:46.2,46.28 1 0
github.com/syntropysoft/praetorian-go/internal/cli/audit.go:57.65,59.16 2 0
github.com/syntropysoft/praetorian-go/internal/cli/audit.go:59.16,61.3 1 0
github.com/syntropysoft/praetorian-go/internal/cli/audit.go:63.2,64.16 2 0
github.com/syntropysoft/praetorian-go/internal/cli/audit.go:64.16,66.3 1 0
github.com/syntropysoft/praetorian-go/internal/cli/audit.go:68.2,69.16 2 0
github.com/syntropysoft/praetorian-go/internal/cli/audit.go:69.16,71.3 1 0
github.com/syntropysoft/praetorian-go/internal/cli/audit.go:74.2,74.55 1 0
github.com/syntropysoft/praetorian-go/internal/cli/audit.go:74.55,76.3 1 0
github.com/syntropysoft/praetorian-go/internal/cli/audit.go:79.2,79.59 1 0
github.com/syntropysoft/praetorian-go/internal/cli/audit.go:79.59,81.3 1 0
github.com/syntropysoft/praetorian-go/internal/cli/audit.go:84.2,84.53 1 0
github.com/syntropysoft/praetorian-go/internal/cli/audit.go:84.53,86.3 1 0
github.com/syntropysoft/praetorian-go/internal/cli/audit.go:88.2,92.8 1 0
github.com/syntropysoft/praetorian-go/internal/cli/audit.go:96.48,98.35 2 0
github.com/syntropysoft/praetorian-go/internal/cli/audit.go:98.35,99.25 1 0
github.com/syntropysoft/praetorian-go/internal/cli/audit.go:99.25,101.4 1 0
github.com/syntropysoft/praetorian-go/internal/cli/audit.go:103.2,103.88 1 0
github.com/syntropysoft/praetorian-go/internal/cli/audit.go:107.44,109.18 1 0
github.com/syntropysoft/praetorian-go/internal/cli/audit.go:109.18,111.3 1 0
github.com/syntropysoft/praetorian-go/internal/cli/audit.go:114.2,119.12 3 0
github.com/syntropysoft/praetorian-go/internal/cli/audit.go:123.42,127.2 3 0
github.com/syntropysoft/praetorian-go/internal/cli/commands.go:6.47,8.20 1 0
github.com/syntropysoft/praetorian-go/internal/cli/commands.go:8.20,9.38 1 0
github.com/syntropysoft/praetorian-go/internal/cli/commands.go:13.2,16.41 4 0
github.com/syntropysoft/praetorian-go/internal/cli/init.go:11.38,30.2 3 0
github.com/syntropysoft/praetorian-go/internal/cli/init.go:33.55,35.16 1 0
github.com/syntropysoft/praetorian-go/internal/cli/init.go:35.16,37.3 1 0
github.com/syntropysoft/praetorian-go/internal/cli/init.go:40.2,41.16 2 0
github.com/syntropysoft/praetorian-go/internal/cli/init.go:41.16,43.3 1 0
github.com/syntropysoft/praetorian-go/internal/cli/init.go:46.2,46.37 1 0
github.com/syntropysoft/praetorian-go/internal/cli/init.go:55.63,57.16 2 0
github.com/syntropysoft/praetorian-go/internal/cli/init.go:57.16,59.3 1 0
github.com/syntropysoft/praetorian-go/internal/cli/init.go:61.2,63.8 1 0
github.com/syntropysoft/praetorian-go/internal/cli/init.go:67.52,69.18 1 0
github.com/syntropysoft/praetorian-go/internal/cli/init.go:69.18,71.3 1 0
github.com/syntropysoft/praetorian-go/internal/cli/init.go:74.2,77.48 2 0
github.com/syntropysoft/praetorian-go/internal/cli/init.go:77.48,79.3 1 0
github.com/syntropysoft/praetorian-go/internal/cli/init.go:81.2,82.12 2 0
github.com/syntropysoft/praetorian-go/internal/cli/init.go:86.50,90.2 3 0
github.com/syntropysoft/praetorian-go/internal/cli/init.go:93.47,95.18 1 0
github.com/syntropysoft/praetorian-go/internal/cli/init.go:95.18,97.3 1 0
github.com/syntropysoft/praetorian-go/internal/cli/init.go:100.2,103.59 2 0
github.com/syntropysoft/praetorian-go/internal/cli/init.go:107.51,121.15 2 0
github.com/syntropysoft/praetorian-go/internal/cli/init.go:121.15,129.3 1 0
github.com/syntropysoft/praetorian-go/internal/cli/init.go:131.2,131.20 1 0
github.com/syntropysoft/praetorian-go/internal/cli/init.go:135.61,137.20 1 0
github.com/syntropysoft/praetorian-go/internal/cli/init.go:137.20,139.3 1 0
github.com/syntropysoft/praetorian-go/internal/cli/init.go:142.2,142.19 1 0
github.com/syntropysoft/praetorian-go/internal/cli/init.go:142.19,144.3 1 0
github.com/syntropysoft/praetorian-go/internal/cli/init.go:147.2,148.16 2 0
github.com/syntropysoft/praetorian-go/internal/cli/init.go:148.16,150.3 1 0
github.com/syntropysoft/praetorian-go/internal/cli/init.go:151.2,155.16 3 0
github.com/syntropysoft/praetorian-go/internal/cli/init.go:155.16,157.3 1 0
github.com/syntropysoft/praetorian-go/internal/cli/init.go:159.2,159.12 1 0
github.com/syntropysoft/praetorian-go/internal/cli/test_interfaces.go:16.68,17.28 1 0
github.com/syntropysoft/praetorian-go/internal/cli/test_interfaces.go:17.28,19.3 1 0
github.com/syntropysoft/praetorian-go/internal/cli/test_interfaces.go:20.2,20.20 1 0
github.com/syntropysoft/praetorian-go/internal/cli/test_interfaces.go:20.20,22.3 1 0
github.com/syntropysoft/praetorian-go/internal/cli/test_interfaces.go:23.2,24.12 2 0
github.com/syntropysoft/praetorian-go/internal/cli/test_interfaces.go:33.59,35.27 2 0
github.com/syntropysoft/praetorian-go/internal/cli/test_interfaces.go:35.27,37.3 1 0
github.com/syntropysoft/praetorian-go/internal/cli/test_interfaces.go:38.2,38.12 1 0
github.com/syntropysoft/praetorian-go/internal/cli/test_interfaces.go:47.83,49.27 2 0
github.com/syntropysoft/praetorian-go/internal/cli/test_interfaces.go:49.27,51.3 1 0
github.com/syntropysoft/praetorian-go/internal/cli/test_interfaces.go:52.2,52.47 1 0
github.com/syntropysoft/praetorian-go/internal/cli/validate.go:10.42,33.2 5 0
github.com/syntropysoft/praetorian-go/internal/cli/validate.go:36.59,38.16 1 0
github.com/syntropysoft/praetorian-go/internal/cli/validate.go:38.16,40.3 1 0
github.com/syntropysoft/praetorian-go/internal/cli/validate.go:43.2,44.16 2 0
github.com/syntropysoft/praetorian-go/internal/cli/validate.go:44.16,46.3 1 0
github.com/syntropysoft/praetorian-go/internal/cli/validate.go:49.2,49.33 1 0
github.com/syntropysoft/praetorian-go/internal/cli/validate.go:60.71,62.16 2 0
github.com/syntropysoft/praetorian-go/internal/cli/validate.go:62.16,64.3 1 0
github.com/syntropysoft/praetorian-go/internal/cli/validate.go:66.2,67.16 2 0
github.com/syntropysoft/praetorian-go/internal/cli/validate.go:67.16,69.3 1 0
github.com/syntropysoft/praetorian-go/internal/cli/validate.go:71.2,72.16 2 0
github.com/syntropysoft/praetorian-go/internal/cli/validate.go:72.16,74.3 1 0
github.com/syntropysoft/praetorian-go/internal/cli/validate.go:77.2,77.55 1 0
github.com/syntropysoft/praetorian-go/internal/cli/validate.go:77.55,79.3 1 0
github.com/syntropysoft/praetorian-go/internal/cli/validate.go:82.2,82.59 1 0
github.com/syntropysoft/praetorian-go/internal/cli/validate.go:82.59,84.3 1 0
github.com/syntropysoft/praetorian-go/internal/cli/validate.go:86.2,90.8 1 0
github.com/syntropysoft/praetorian-go/internal/cli/validate.go:94.52,96.18 1 0
github.com/syntropysoft/praetorian-go/internal/cli/validate.go:96.18,98.3 1 0
github.com/syntropysoft/praetorian-go/internal/cli/validate.go:101.2,107.24 3 0
github.com/syntropysoft/praetorian-go/internal/cli/validate.go:107.24,109.3 1 0
github.com/syntropysoft/praetorian-go/internal/cli/validate.go:111.2,111.12 1 0
github.com/syntropysoft/praetorian-go/internal/cli/validate.go:115.50,120.24 4 0
github.com/syntropysoft/praetorian-go/internal/cli/validate.go:120.24,122.3 1 0
github.com/syntropysoft/praetorian-go/internal/cli/validate.go:126.30,128.2 1 0
github.com/syntropysoft/praetorian-go/internal/cli/validators.go:6.44,7.16 1 0
github.com/syntropysoft/praetorian-go/internal/cli/validators.go:7.16,9.3 1 0
github.com/syntropysoft/praetorian-go/internal/cli/validators.go:10.2,10.12 1 0
github.com/syntropysoft/praetorian-go/internal/cli/validators.go:14.48,16.37 2 0
github.com/syntropysoft/praetorian-go/internal/cli/validators.go:16.37,17.22 1 0
github.com/syntropysoft/praetorian-go/internal/cli/validators.go:17.22,19.4 1 0
github.com/syntropysoft/praetorian-go/internal/cli/validators.go:21.2,21.90 1 0
github.com/syntropysoft/praetorian-go/internal/cli/version.go:10.41,16.2 1 0
github.com/syntropysoft/praetorian-go/internal/cli/version.go:19.52,21.2 1 0
github.com/syntropysoft/praetorian-go/internal/cli/version.go:24.27,29.2 4 0
github.com/syntropysoft/praetorian-go/internal/services/validation/pipeline.go:21.66,27.2 1 0
github.com/syntropysoft/praetorian-go/internal/services/validation/pipeline.go:30.108,32.55 1 0
github.com/syntropysoft/praetorian-go/internal/services/validation/pipeline.go:32.55,34.3 1 0
github.com/syntropysoft/praetorian-go/internal/services/validation/pipeline.go:37.2,37.28 1 0
github.com/syntropysoft/praetorian-go/internal/services/validation/pipeline.go:37.28,39.3 1 0
github.com/syntropysoft/praetorian-go/internal/services/validation/pipeline.go:42.2,42.51 1 0
github.com/syntropysoft/praetorian-go/internal/services/validation/pipeline.go:46.102,48.53 1 0
github.com/syntropysoft/praetorian-go/internal/services/validation/pipeline.go:48.53,50.3 1 0
github.com/syntropysoft/praetorian-go/internal/services/validation/pipeline.go:53.2,54.22 2 0
github.com/syntropysoft/praetorian-go/internal/services/validation/pipeline.go:54.22,56.3 1 0
github.com/syntropysoft/praetorian-go/internal/services/validation/pipeline.go:59.2,60.16 2 0
github.com/syntropysoft/praetorian-go/internal/services/validation/pipeline.go:60.16,62.3 1 0
github.com/syntropysoft/praetorian-go/internal/services/validation/pipeline.go:65.2,65.50 1 0
github.com/syntropysoft/praetorian-go/internal/services/validation/pipeline.go:69.80,71.22 1 0
github.com/syntropysoft/praetorian-go/internal/services/validation/pipeline.go:71.22,73.3 1 0
github.com/syntropysoft/praetorian-go/internal/services/validation/pipeline.go:76.2,76.40 1 0
github.com/syntropysoft/praetorian-go/internal/services/validation/pipeline.go:76.40,78.3 1 0
github.com/syntropysoft/praetorian-go/internal/services/validation/pipeline.go:80.2,81.12 2 0
github.com/syntropysoft/praetorian-go/internal/services/validation/pipeline.go:85.63,90.2 3 0
github.com/syntropysoft/praetorian-go/internal/services/validation/pipeline.go:93.120,103.35 6 0
github.com/syntropysoft/praetorian-go/internal/services/validation/pipeline.go:103.35,106.3 2 0
github.com/syntropysoft/praetorian-go/internal/services/validation/pipeline.go:109.2,109.37 1 0
github.com/syntropysoft/praetorian-go/internal/services/validation/pipeline.go:109.37,111.3 1 0
github.com/syntropysoft/praetorian-go/internal/services/validation/pipeline.go:112.2,115.12 2 0
github.com/syntropysoft/praetorian-go/internal/services/validation/pipeline.go:115.12,119.3 3 0
github.com/syntropysoft/praetorian-go/internal/services/validation/pipeline.go:122.2,122.42 1 0
github.com/syntropysoft/praetorian-go/internal/services/validation/pipeline.go:126.151,129.29 2 0
github.com/syntropysoft/praetorian-go/internal/services/validation/pipeline.go:129.29,130.10 1 0
github.com/syntropysoft/praetorian-go/internal/services/validation/pipeline.go:131.21,133.10 2 0
github.com/syntropysoft/praetorian-go/internal/services/validation/pipeline.go:134.11,136.27 2 0
github.com/syntropysoft/praetorian-go/internal/services/validation/pipeline.go:136.27,138.5 1 0
github.com/syntropysoft/praetorian-go/internal/services/validation/pipeline.go:138.10,140.5 1 0
github.com/syntropysoft/praetorian-go/internal/services/validation/pipeline.go:146.106,153.2 2 0
github.com/syntropysoft/praetorian-go/internal/services/validation/pipeline.go:156.128,161.30 3 0
github.com/syntropysoft/praetorian-go/internal/services/validation/pipeline.go:161.30,162.25 1 0
github.com/syntropysoft/praetorian-go/internal/services/validation/pipeline.go:162.25,164.4 1 0
github.com/syntropysoft/praetorian-go/internal/services/validation/pipeline.go:168.2,168.26 1 0
github.com/syntropysoft/praetorian-go/internal/services/validation/pipeline.go:168.26,170.3 1 0
github.com/syntropysoft/praetorian-go/internal/services/validation/pipeline.go:173.2,173.31 1 0
github.com/syntropysoft/praetorian-go/internal/services/validation/pipeline.go:173.31,175.3 1 0
github.com/syntropysoft/praetorian-go/internal/services/validation/pipeline.go:177.2,177.23 1 0
github.com/syntropysoft/praetorian-go/internal/services/validation/pipeline.go:181.76,183.28 1 0
github.com/syntropysoft/praetorian-go/internal/services/validation/pipeline.go:183.28,185.3 1 0
github.com/syntropysoft/praetorian-go/internal/services/validation/pipeline.go:188.2,188.41 1 0
github.com/syntropysoft/praetorian-go/internal/services/validation/pipeline.go:188.41,189.37 1 0
github.com/syntropysoft/praetorian-go/internal/services/validation/pipeline.go:189.37,191.4 1 0
github.com/syntropysoft/praetorian-go/internal/services/validation/pipeline.go:194.2,194.12 1 0
github.com/syntropysoft/praetorian-go/internal/services/validation/pipeline.go:198.73,200.25 1 0
github.com/syntropysoft/praetorian-go/internal/services/validation/pipeline.go:200.25,202.3 1 0
github.com/syntropysoft/praetorian-go/internal/services/validation/pipeline.go:205.2,205.35 1 0
github.com/syntropysoft/praetorian-go/internal/services/validation/pipeline.go:205.35,206.34 1 0
github.com/syntropysoft/praetorian-go/internal/services/validation/pipeline.go:206.34,208.4 1 0
github.com/syntropysoft/praetorian-go/internal/services/validation/pipeline.go:211.2,211.56 1 0
github.com/syntropysoft/praetorian-go/internal/services/validation/pipeline.go:215.68,216.22 1 0
github.com/syntropysoft/praetorian-go/internal/services/validation/pipeline.go:216.22,218.3 1 0
github.com/syntropysoft/praetorian-go/internal/services/validation/pipeline.go:219.2,219.25 1 0
github.com/syntropysoft/praetorian-go/internal/services/validation/pipeline.go:219.25,221.3 1 0
github.com/syntropysoft/praetorian-go/internal/services/validation/pipeline.go:223.2,223.37 1 0
github.com/syntropysoft/praetorian-go/internal/services/validation/pipeline.go:223.37,224.54 1 0
github.com/syntropysoft/praetorian-go/internal/services/validation/pipeline.go:224.54,226.4 1 0
github.com/syntropysoft/praetorian-go/internal/services/validation/pipeline.go:229.2,229.12 1 0
github.com/syntropysoft/praetorian-go/internal/services/validation/pipeline.go:233.64,234.20 1 0
github.com/syntropysoft/praetorian-go/internal/services/validation/pipeline.go:234.20,236.3 1 0
github.com/syntropysoft/praetorian-go/internal/services/validation/pipeline.go:237.2,237.69 1 0
github.com/syntropysoft/praetorian-go/internal/services/validation/pipeline.go:237.69,239.3 1 0
github.com/syntropysoft/praetorian-go/internal/services/validation/pipeline.go:240.2,240.12 1 0
github.com/syntropysoft/praetorian-go/internal/services/validation/pipeline.go:244.86,247.40 2 0
github.com/syntropysoft/praetorian-go/internal/services/validation/pipeline.go:247.40,249.63 2 0
github.com/syntropysoft/praetorian-go/internal/services/validation/pipeline.go:249.63,251.4 1 0
github.com/syntropysoft/praetorian-go/internal/services/validation/pipeline.go:254.2,254.14 1 0
github.com/syntropysoft/praetorian-go/internal/services/validation/pipeline.go:258.70,259.26 1 0
github.com/syntropysoft/praetorian-go/internal/services/validation/pipeline.go:259.26,260.27 1 0
github.com/syntropysoft/praetorian-go/internal/services/validation/pipeline.go:260.27,261.16 1 0
github.com/syntropysoft/praetorian-go/internal/services/validation/pipeline.go:261.16,263.5 1 0
github.com/syntropysoft/praetorian-go/internal/services/validation/pipeline.go:266.2,266.14 1 0
github.com/syntropysoft/praetorian-go/internal/services/validation/pipeline.go:270.45,271.29 1 0
github.com/syntropysoft/praetorian-go/internal/services/validation/pipeline.go:271.29,273.3 1 0
github.com/syntropysoft/praetorian-go/internal/services/validation/pipeline.go:274.2,274.10 1 0
github.com/syntropysoft/praetorian-go/internal/domain/models/config.go:89.40,134.2 1 0
github.com/syntropysoft/praetorian-go/tests/test_helper.go:17.46,20.2 2 0
github.com/syntropysoft/praetorian-go/tests/test_helper.go:23.69,27.47 3 0
github.com/syntropysoft/praetorian-go/tests/test_helper.go:27.47,29.3 1 0
github.com/syntropysoft/praetorian-go/tests/test_helper.go:31.2,31.70 1 0
github.com/syntropysoft/praetorian-go/tests/test_helper.go:31.70,33.3 1 0
github.com/syntropysoft/praetorian-go/tests/test_helper.go:35.2,35.12 1 0
github.com/syntropysoft/praetorian-go/tests/test_helper.go:39.62,41.2 1 0
github.com/syntropysoft/praetorian-go/tests/test_helper.go:44.55,48.2 3 0
github.com/syntropysoft/praetorian-go/tests/test_helper.go:51.68,54.16 3 0
github.com/syntropysoft/praetorian-go/tests/test_helper.go:54.16,56.3 1 0
github.com/syntropysoft/praetorian-go/tests/test_helper.go:57.2,57.29 1 0
github.com/syntropysoft/praetorian-go/tests/test_helper.go:61.89,65.16 3 0
github.com/syntropysoft/praetorian-go/tests/test_helper.go:65.16,67.3 1 0
github.com/syntropysoft/praetorian-go/tests/test_helper.go:69.2,69.49 1 0
github.com/syntropysoft/praetorian-go/tests/test_helper.go:69.49,71.3 1 0
github.com/syntropysoft/praetorian-go/tests/test_helper.go:75.70,78.29 2 0
github.com/syntropysoft/praetorian-go/tests/test_helper.go:78.29,80.3 1 0
github.com/syntropysoft/praetorian-go/tests/test_helper.go:84.73,87.28 2 0
github.com/syntropysoft/praetorian-go/tests/test_helper.go:87.28,89.3 1 0
github.com/syntropysoft/praetorian-go/tests/test_helper.go:93.38,95.2 1 0
github.com/syntropysoft/praetorian-go/tests/test_helper.go:98.50,107.2 1 0
github.com/syntropysoft/praetorian-go/tests/test_helper.go:109.50,121.2 1 0
github.com/syntropysoft/praetorian-go/tests/test_helper.go:123.56,129.2 1 0
github.com/syntropysoft/praetorian-go/internal/adapters/parsers/common.go:14.87,16.20 1 1
github.com/syntropysoft/praetorian-go/internal/adapters/parsers/common.go:16.20,18.3 1 1
github.com/syntropysoft/praetorian-go/internal/adapters/parsers/common.go:20.2,21.52 2 1
github.com/syntropysoft/praetorian-go/internal/adapters/parsers/common.go:25.90,27.22 1 1
github.com/syntropysoft/praetorian-go/internal/adapters/parsers/common.go:27.22,29.3 1 0
github.com/syntropysoft/praetorian-go/internal/adapters/parsers/common.go:32.2,32.20 1 1
github.com/syntropysoft/praetorian-go/internal/adapters/parsers/common.go:32.20,34.3 1 1
github.com/syntropysoft/praetorian-go/internal/adapters/parsers/common.go:37.2,37.20 1 1
github.com/syntropysoft/praetorian-go/internal/adapters/parsers/common.go:37.20,39.3 1 1
github.com/syntropysoft/praetorian-go/internal/adapters/parsers/common.go:41.2,41.12 1 1
github.com/syntropysoft/praetorian-go/internal/adapters/parsers/common.go:45.47,48.2 2 1
github.com/syntropysoft/praetorian-go/internal/adapters/parsers/common.go:51.77,52.42 1 1
github.com/syntropysoft/praetorian-go/internal/adapters/parsers/common.go:52.42,53.23 1 1
github.com/syntropysoft/praetorian-go/internal/adapters/parsers/common.go:53.23,55.4 1 1
github.com/syntropysoft/praetorian-go/internal/adapters/parsers/common.go:57.2,57.14 1 1
github.com/syntropysoft/praetorian-go/internal/adapters/parsers/common.go:61.51,65.2 3 1
github.com/syntropysoft/praetorian-go/internal/adapters/parsers/common.go:68.96,76.2 1 0
github.com/syntropysoft/praetorian-go/internal/adapters/parsers/common.go:79.98,88.20 2 0
github.com/syntropysoft/praetorian-go/internal/adapters/parsers/common.go:88.20,91.3 2 0
github.com/syntropysoft/praetorian-go/internal/adapters/parsers/common.go:93.2,93.17 1 0
github.com/syntropysoft/praetorian-go/internal/adapters/parsers/common.go:97.49,98.17 1 0
github.com/syntropysoft/praetorian-go/internal/adapters/parsers/common.go:98.17,100.3 1 0
github.com/syntropysoft/praetorian-go/internal/adapters/parsers/common.go:101.2,101.18 1 0
github.com/syntropysoft/praetorian-go/internal/adapters/parsers/common.go:105.54,106.17 1 0
github.com/syntropysoft/praetorian-go/internal/adapters/parsers/common.go:106.17,108.3 1 0
github.com/syntropysoft/praetorian-go/internal/adapters/parsers/common.go:110.2,110.29 1 0
github.com/syntropysoft/praetorian-go/internal/adapters/parsers/common.go:110.29,111.28 1 0
github.com/syntropysoft/praetorian-go/internal/adapters/parsers/common.go:112.31,113.15 1 0
github.com/syntropysoft/praetorian-go/internal/adapters/parsers/common.go:114.22,115.18 1 0
github.com/syntropysoft/praetorian-go/internal/adapters/parsers/common.go:115.18,117.5 1 0
github.com/syntropysoft/praetorian-go/internal/adapters/parsers/common.go:121.2,121.14 1 0
github.com/syntropysoft/praetorian-go/internal/adapters/parsers/common.go:125.40,127.17 1 0
github.com/syntropysoft/praetorian-go/internal/adapters/parsers/common.go:127.17,129.3 1 0
github.com/syntropysoft/praetorian-go/internal/adapters/parsers/common.go:132.2,132.20 1 0
github.com/syntropysoft/praetorian-go/internal/adapters/parsers/common.go:132.20,134.3 1 0
github.com/syntropysoft/praetorian-go/internal/adapters/parsers/common.go:137.2,137.70 1 0
github.com/syntropysoft/praetorian-go/internal/adapters/parsers/common.go:137.70,139.3 1 0
github.com/syntropysoft/praetorian-go/internal/adapters/parsers/common.go:142.2,142.68 1 0
github.com/syntropysoft/praetorian-go/internal/adapters/parsers/common.go:142.68,144.3 1 0
github.com/syntropysoft/praetorian-go/internal/adapters/parsers/common.go:146.2,146.14 1 0
github.com/syntropysoft/praetorian-go/internal/adapters/parsers/common.go:150.42,152.2 1 0
github.com/syntropysoft/praetorian-go/internal/adapters/parsers/common.go:155.49,157.2 1 0
github.com/syntropysoft/praetorian-go/internal/adapters/parsers/common.go:160.42,162.2 1 0
github.com/syntropysoft/praetorian-go/internal/adapters/parsers/common.go:165.35,167.2 1 0
github.com/syntropysoft/praetorian-go/internal/adapters/parsers/common.go:170.36,172.2 1 0
github.com/syntropysoft/praetorian-go/internal/adapters/parsers/common.go:175.45,177.2 1 0
github.com/syntropysoft/praetorian-go/internal/adapters/parsers/common.go:180.72,184.2 3 0
github.com/syntropysoft/praetorian-go/internal/adapters/parsers/common.go:187.34,189.2 1 0
github.com/syntropysoft/praetorian-go/internal/adapters/parsers/common.go:192.104,194.29 1 0
github.com/syntropysoft/praetorian-go/internal/adapters/parsers/common.go:194.29,196.3 1 0
github.com/syntropysoft/praetorian-go/internal/adapters/parsers/common.go:198.2,201.29 3 0
github.com/syntropysoft/praetorian-go/internal/adapters/parsers/common.go:201.29,205.57 2 0
github.com/syntropysoft/praetorian-go/internal/adapters/parsers/common.go:205.57,206.12 1 0
github.com/syntropysoft/praetorian-go/internal/adapters/parsers/common.go:210.3,210.55 1 0
github.com/syntropysoft/praetorian-go/internal/adapters/parsers/common.go:210.55,212.4 1 0
github.com/syntropysoft/praetorian-go/internal/adapters/parsers/common.go:215.2,215.20 1 0
github.com/syntropysoft/praetorian-go/internal/adapters/parsers/common.go:219.56,221.26 2 0
github.com/syntropysoft/praetorian-go/internal/adapters/parsers/common.go:221.26,223.3 1 0
github.com/syntropysoft/praetorian-go/internal/adapters/parsers/common.go:225.2,226.36 2 0
github.com/syntropysoft/praetorian-go/internal/adapters/parsers/env_processor.go:17.38,21.2 1 1
github.com/syntropysoft/praetorian-go/internal/adapters/parsers/env_processor.go:24.57,26.2 1 0
github.com/syntropysoft/praetorian-go/internal/adapters/parsers/env_processor.go:29.114,30.72 1 0
github.com/syntropysoft/praetorian-go/internal/adapters/parsers/env_processor.go:30.72,32.3 1 0
github.com/syntropysoft/praetorian-go/internal/adapters/parsers/env_processor.go:34.2,35.16 2 0
github.com/syntropysoft/praetorian-go/internal/adapters/parsers/env_processor.go:35.16,37.3 1 0
github.com/syntropysoft/praetorian-go/internal/adapters/parsers/env_processor.go:39.2,39.53 1 0
github.com/syntropysoft/praetorian-go/internal/adapters/parsers/env_processor.go:43.58,45.2 1 1
github.com/syntropysoft/praetorian-go/internal/adapters/parsers/env_processor.go:48.70,50.29 1 0
github.com/syntropysoft/praetorian-go/internal/adapters/parsers/env_processor.go:50.29,52.3 1 0
github.com/syntropysoft/praetorian-go/internal/adapters/parsers/env_processor.go:54.2,54.52 1 0
github.com/syntropysoft/praetorian-go/internal/adapters/parsers/env_processor.go:58.37,60.2 1 0
github.com/syntropysoft/praetorian-go/internal/adapters/parsers/hcl_processor.go:17.38,21.2 1 1
github.com/syntropysoft/praetorian-go/internal/adapters/parsers/hcl_processor.go:24.57,26.2 1 0
github.com/syntropysoft/praetorian-go/internal/adapters/parsers/hcl_processor.go:29.114,30.72 1 0
github.com/syntropysoft/praetorian-go/internal/adapters/parsers/hcl_processor.go:30.72,32.3 1 0
github.com/syntropysoft/praetorian-go/internal/adapters/parsers/hcl_processor.go:34.2,35.16 2 0
github.com/syntropysoft/praetorian-go/internal/adapters/parsers/hcl_processor.go:35.16,37.3 1 0
github.com/syntropysoft/praetorian-go/internal/adapters/parsers/hcl_processor.go:39.2,39.53 1 0
github.com/syntropysoft/praetorian-go/internal/adapters/parsers/hcl_processor.go:43.58,45.2 1 1
github.com/syntropysoft/praetorian-go/internal/adapters/parsers/hcl_processor.go:48.70,50.29 1 0
github.com/syntropysoft/praetorian-go/internal/adapters/parsers/hcl_processor.go:50.29,52.3 1 0
github.com/syntropysoft/praetorian-go/internal/adapters/parsers/hcl_processor.go:54.2,56.78 2 0
github.com/syntropysoft/praetorian-go/internal/adapters/parsers/hcl_processor.go:56.78,58.3 1 0
github.com/syntropysoft/praetorian-go/internal/adapters/parsers/hcl_processor.go:60.2,60.20 1 0
github.com/syntropysoft/praetorian-go/internal/adapters/parsers/ini_processor.go:17.38,21.2 1 1
github.com/syntropysoft/praetorian-go/internal/adapters/parsers/ini_processor.go:24.57,26.2 1 0
github.com/syntropysoft/praetorian-go/internal/adapters/parsers/ini_processor.go:29.114,30.72 1 0
github.com/syntropysoft/praetorian-go/internal/adapters/parsers/ini_processor.go:30.72,32.3 1 0
github.com/syntropysoft/praetorian-go/internal/adapters/parsers/ini_processor.go:34.2,35.16 2 0
github.com/syntropysoft/praetorian-go/internal/adapters/parsers/ini_processor.go:35.16,37.3 1 0
github.com/syntropysoft/praetorian-go/internal/adapters/parsers/ini_processor.go:39.2,39.53 1 0
github.com/syntropysoft/praetorian-go/internal/adapters/parsers/ini_processor.go:43.58,45.2 1 1
github.com/syntropysoft/praetorian-go/internal/adapters/parsers/ini_processor.go:48.70,50.29 1 0
github.com/syntropysoft/praetorian-go/internal/adapters/parsers/ini_processor.go:50.29,52.3 1 0
github.com/syntropysoft/praetorian-go/internal/adapters/parsers/ini_processor.go:54.2,54.50 1 0
github.com/syntropysoft/praetorian-go/internal/adapters/parsers/ini_processor.go:58.73,63.29 4 0
github.com/syntropysoft/praetorian-go/internal/adapters/parsers/ini_processor.go:63.29,67.60 2 0
github.com/syntropysoft/praetorian-go/internal/adapters/parsers/ini_processor.go:67.60,68.12 1 0
github.com/syntropysoft/praetorian-go/internal/adapters/parsers/ini_processor.go:72.3,72.32 1 0
github.com/syntropysoft/praetorian-go/internal/adapters/parsers/ini_processor.go:72.32,75.12 3 0
github.com/syntropysoft/praetorian-go/internal/adapters/parsers/ini_processor.go:79.3,79.58 1 0
github.com/syntropysoft/praetorian-go/internal/adapters/parsers/ini_processor.go:79.58,81.4 1 0
github.com/syntropysoft/praetorian-go/internal/adapters/parsers/ini_processor.go:84.2,84.15 1 0
github.com/syntropysoft/praetorian-go/internal/adapters/parsers/ini_processor.go:88.37,90.2 1 0
github.com/syntropysoft/praetorian-go/internal/adapters/parsers/ini_processor.go:93.37,95.2 1 0
github.com/syntropysoft/praetorian-go/internal/adapters/parsers/ini_processor.go:98.44,100.2 1 0
github.com/syntropysoft/praetorian-go/internal/adapters/parsers/ini_processor.go:103.59,105.26 2 0
github.com/syntropysoft/praetorian-go/internal/adapters/parsers/ini_processor.go:105.26,107.3 1 0
github.com/syntropysoft/praetorian-go/internal/adapters/parsers/ini_processor.go:109.2,110.36 2 0
github.com/syntropysoft/praetorian-go/internal/adapters/parsers/ini_processor.go:114.77,117.19 2 0
github.com/syntropysoft/praetorian-go/internal/adapters/parsers/ini_processor.go:117.19,118.69 1 0
github.com/syntropysoft/praetorian-go/internal/adapters/parsers/ini_processor.go:118.69,120.4 1 0
github.com/syntropysoft/praetorian-go/internal/adapters/parsers/ini_processor.go:121.8,123.3 1 0
github.com/syntropysoft/praetorian-go/internal/adapters/parsers/json_processor.go:20.40,24.2 1 1
github.com/syntropysoft/praetorian-go/internal/adapters/parsers/json_processor.go:27.58,29.20 1 0
github.com/syntropysoft/praetorian-go/internal/adapters/parsers/json_processor.go:29.20,31.3 1 0
github.com/syntropysoft/praetorian-go/internal/adapters/parsers/json_processor.go:33.2,34.33 2 0
github.com/syntropysoft/praetorian-go/internal/adapters/parsers/json_processor.go:38.115,40.22 1 0
github.com/syntropysoft/praetorian-go/internal/adapters/parsers/json_processor.go:40.22,42.3 1 0
github.com/syntropysoft/praetorian-go/internal/adapters/parsers/json_processor.go:45.2,45.59 1 0
github.com/syntropysoft/praetorian-go/internal/adapters/parsers/json_processor.go:45.59,47.3 1 0
github.com/syntropysoft/praetorian-go/internal/adapters/parsers/json_processor.go:50.2,51.16 2 0
github.com/syntropysoft/praetorian-go/internal/adapters/parsers/json_processor.go:51.16,53.3 1 0
github.com/syntropysoft/praetorian-go/internal/adapters/parsers/json_processor.go:56.2,56.48 1 0
github.com/syntropysoft/praetorian-go/internal/adapters/parsers/json_processor.go:60.59,65.2 3 1
github.com/syntropysoft/praetorian-go/internal/adapters/parsers/json_processor.go:68.83,70.23 1 0
github.com/syntropysoft/praetorian-go/internal/adapters/parsers/json_processor.go:70.23,72.3 1 0
github.com/syntropysoft/praetorian-go/internal/adapters/parsers/json_processor.go:74.2,75.57 2 0
github.com/syntropysoft/praetorian-go/internal/adapters/parsers/json_processor.go:75.57,77.3 1 0
github.com/syntropysoft/praetorian-go/internal/adapters/parsers/json_processor.go:80.2,80.19 1 0
github.com/syntropysoft/praetorian-go/internal/adapters/parsers/json_processor.go:80.19,82.3 1 0
github.com/syntropysoft/praetorian-go/internal/adapters/parsers/json_processor.go:84.2,84.20 1 0
github.com/syntropysoft/praetorian-go/internal/adapters/parsers/json_processor.go:88.107,96.2 1 0
github.com/syntropysoft/praetorian-go/internal/adapters/parsers/json_processor.go:99.109,109.20 2 0
github.com/syntropysoft/praetorian-go/internal/adapters/parsers/json_processor.go:109.20,112.3 2 0
github.com/syntropysoft/praetorian-go/internal/adapters/parsers/json_processor.go:114.2,114.17 1 0
github.com/syntropysoft/praetorian-go/internal/adapters/parsers/json_processor.go:118.78,119.20 1 0
github.com/syntropysoft/praetorian-go/internal/adapters/parsers/json_processor.go:119.20,121.3 1 0
github.com/syntropysoft/praetorian-go/internal/adapters/parsers/json_processor.go:122.2,122.20 1 0
github.com/syntropysoft/praetorian-go/internal/adapters/parsers/json_processor.go:122.20,124.3 1 0
github.com/syntropysoft/praetorian-go/internal/adapters/parsers/json_processor.go:125.2,125.12 1 0
github.com/syntropysoft/praetorian-go/internal/adapters/parsers/json_processor.go:129.66,132.2 2 0
github.com/syntropysoft/praetorian-go/internal/adapters/parsers/json_processor.go:135.66,136.44 1 0
github.com/syntropysoft/praetorian-go/internal/adapters/parsers/json_processor.go:136.44,137.23 1 0
github.com/syntropysoft/praetorian-go/internal/adapters/parsers/json_processor.go:137.23,139.4 1 0
github.com/syntropysoft/praetorian-go/internal/adapters/parsers/json_processor.go:141.2,141.14 1 0
github.com/syntropysoft/praetorian-go/internal/adapters/parsers/json_processor.go:145.68,146.17 1 0
github.com/syntropysoft/praetorian-go/internal/adapters/parsers/json_processor.go:146.17,148.3 1 0
github.com/syntropysoft/praetorian-go/internal/adapters/parsers/json_processor.go:149.2,149.18 1 0
github.com/syntropysoft/praetorian-go/internal/adapters/parsers/json_processor.go:153.73,154.17 1 0
github.com/syntropysoft/praetorian-go/internal/adapters/parsers/json_processor.go:154.17,156.3 1 0
github.com/syntropysoft/praetorian-go/internal/adapters/parsers/json_processor.go:158.2,158.29 1 0
github.com/syntropysoft/praetorian-go/internal/adapters/parsers/json_processor.go:158.29,159.28 1 0
github.com/syntropysoft/praetorian-go/internal/adapters/parsers/json_processor.go:160.31,161.15 1 0
github.com/syntropysoft/praetorian-go/internal/adapters/parsers/json_processor.go:162.22,163.18 1 0
github.com/syntropysoft/praetorian-go/internal/adapters/parsers/json_processor.go:163.18,165.5 1 0
github.com/syntropysoft/praetorian-go/internal/adapters/parsers/json_processor.go:169.2,169.14 1 0
github.com/syntropysoft/praetorian-go/internal/adapters/parsers/json_processor.go:173.71,177.2 2 0
github.com/syntropysoft/praetorian-go/internal/adapters/parsers/parsers.go:10.60,12.21 1 1
github.com/syntropysoft/praetorian-go/internal/adapters/parsers/parsers.go:12.21,14.3 1 0
github.com/syntropysoft/praetorian-go/internal/adapters/parsers/parsers.go:17.2,29.39 2 1
github.com/syntropysoft/praetorian-go/internal/adapters/parsers/parsers.go:29.39,30.63 1 1
github.com/syntropysoft/praetorian-go/internal/adapters/parsers/parsers.go:30.63,32.4 1 0
github.com/syntropysoft/praetorian-go/internal/adapters/parsers/parsers.go:35.2,35.12 1 1
github.com/syntropysoft/praetorian-go/internal/adapters/parsers/properties_processor.go:17.52,21.2 1 1
github.com/syntropysoft/praetorian-go/internal/adapters/parsers/properties_processor.go:24.64,26.2 1 0
github.com/syntropysoft/praetorian-go/internal/adapters/parsers/properties_processor.go:29.121,30.72 1 0
github.com/syntropysoft/praetorian-go/internal/adapters/parsers/properties_processor.go:30.72,32.3 1 0
github.com/syntropysoft/praetorian-go/internal/adapters/parsers/properties_processor.go:34.2,35.16 2 0
github.com/syntropysoft/praetorian-go/internal/adapters/parsers/properties_processor.go:35.16,37.3 1 0
github.com/syntropysoft/praetorian-go/internal/adapters/parsers/properties_processor.go:39.2,39.60 1 0
github.com/syntropysoft/praetorian-go/internal/adapters/parsers/properties_processor.go:43.65,45.2 1 1
github.com/syntropysoft/praetorian-go/internal/adapters/parsers/properties_processor.go:48.77,50.29 1 0
github.com/syntropysoft/praetorian-go/internal/adapters/parsers/properties_processor.go:50.29,52.3 1 0
github.com/syntropysoft/praetorian-go/internal/adapters/parsers/properties_processor.go:54.2,54.59 1 0
github.com/syntropysoft/praetorian-go/internal/adapters/parsers/properties_processor.go:58.44,60.2 1 0
github.com/syntropysoft/praetorian-go/internal/adapters/parsers/registry.go:18.42,25.56 2 1
github.com/syntropysoft/praetorian-go/internal/adapters/parsers/registry.go:25.56,26.63 1 0
github.com/syntropysoft/praetorian-go/internal/adapters/parsers/registry.go:29.2,29.17 1 1
github.com/syntropysoft/praetorian-go/internal/adapters/parsers/registry.go:33.82,35.22 1 1
github.com/syntropysoft/praetorian-go/internal/adapters/parsers/registry.go:35.22,37.3 1 0
github.com/syntropysoft/praetorian-go/internal/adapters/parsers/registry.go:40.2,40.57 1 1
github.com/syntropysoft/praetorian-go/internal/adapters/parsers/registry.go:40.57,42.3 1 0
github.com/syntropysoft/praetorian-go/internal/adapters/parsers/registry.go:45.2,48.57 2 1
github.com/syntropysoft/praetorian-go/internal/adapters/parsers/registry.go:48.57,50.3 1 1
github.com/syntropysoft/praetorian-go/internal/adapters/parsers/registry.go:52.2,52.12 1 1
github.com/syntropysoft/praetorian-go/internal/adapters/parsers/registry.go:56.86,58.20 1 1
github.com/syntropysoft/praetorian-go/internal/adapters/parsers/registry.go:58.20,60.3 1 0
github.com/syntropysoft/praetorian-go/internal/adapters/parsers/registry.go:63.2,64.15 2 1
github.com/syntropysoft/praetorian-go/internal/adapters/parsers/registry.go:64.15,66.3 1 0
github.com/syntropysoft/praetorian-go/internal/adapters/parsers/registry.go:69.2,70.13 2 1
github.com/syntropysoft/praetorian-go/internal/adapters/parsers/registry.go:70.13,72.3 1 1
github.com/syntropysoft/praetorian-go/internal/adapters/parsers/registry.go:74.2,74.23 1 1
github.com/syntropysoft/praetorian-go/internal/adapters/parsers/registry.go:78.98,80.21 1 0
github.com/syntropysoft/praetorian-go/internal/adapters/parsers/registry.go:80.21,82.3 1 0
github.com/syntropysoft/praetorian-go/internal/adapters/parsers/registry.go:85.2,88.13 3 0
github.com/syntropysoft/praetorian-go/internal/adapters/parsers/registry.go:88.13,90.3 1 0
github.com/syntropysoft/praetorian-go/internal/adapters/parsers/registry.go:92.2,92.23 1 0
github.com/syntropysoft/praetorian-go/internal/adapters/parsers/registry.go:96.68,101.2 3 0
github.com/syntropysoft/praetorian-go/internal/adapters/parsers/registry.go:104.60,106.33 2 0
github.com/syntropysoft/praetorian-go/internal/adapters/parsers/registry.go:106.33,108.3 1 0
github.com/syntropysoft/praetorian-go/internal/adapters/parsers/registry.go:109.2,109.19 1 0
github.com/syntropysoft/praetorian-go/internal/adapters/parsers/registry.go:113.62,117.2 3 0
github.com/syntropysoft/praetorian-go/internal/adapters/parsers/registry.go:120.50,122.2 1 0
github.com/syntropysoft/praetorian-go/internal/adapters/parsers/registry.go:125.87,128.40 2 1
github.com/syntropysoft/praetorian-go/internal/adapters/parsers/registry.go:128.40,130.63 2 1
github.com/syntropysoft/praetorian-go/internal/adapters/parsers/registry.go:130.63,132.4 1 0
github.com/syntropysoft/praetorian-go/internal/adapters/parsers/registry.go:135.2,135.12 1 1
github.com/syntropysoft/praetorian-go/internal/adapters/parsers/registry.go:139.72,140.26 1 1
github.com/syntropysoft/praetorian-go/internal/adapters/parsers/registry.go:140.26,141.27 1 1
github.com/syntropysoft/praetorian-go/internal/adapters/parsers/registry.go:141.27,142.16 1 1
github.com/syntropysoft/praetorian-go/internal/adapters/parsers/registry.go:142.16,144.5 1 0
github.com/syntropysoft/praetorian-go/internal/adapters/parsers/registry.go:147.2,147.14 1 1
github.com/syntropysoft/praetorian-go/internal/adapters/parsers/registry.go:151.67,154.2 2 1
github.com/syntropysoft/praetorian-go/internal/adapters/parsers/registry.go:157.70,160.2 2 1
github.com/syntropysoft/praetorian-go/internal/adapters/parsers/registry.go:163.55,178.39 3 0
github.com/syntropysoft/praetorian-go/internal/adapters/parsers/registry.go:178.39,179.63 1 0
github.com/syntropysoft/praetorian-go/internal/adapters/parsers/registry.go:179.63,181.4 1 0
github.com/syntropysoft/praetorian-go/internal/adapters/parsers/registry.go:184.2,184.22 1 0
github.com/syntropysoft/praetorian-go/internal/adapters/parsers/test_interfaces.go:18.62,20.29 2 0
github.com/syntropysoft/praetorian-go/internal/adapters/parsers/test_interfaces.go:20.29,22.3 1 0
github.com/syntropysoft/praetorian-go/internal/adapters/parsers/test_interfaces.go:23.2,23.13 1 0
github.com/syntropysoft/praetorian-go/internal/adapters/parsers/test_interfaces.go:26.119,27.26 1 0
github.com/syntropysoft/praetorian-go/internal/adapters/parsers/test_interfaces.go:27.26,29.3 1 0
github.com/syntropysoft/praetorian-go/internal/adapters/parsers/test_interfaces.go:30.2,34.8 1 0
github.com/syntropysoft/praetorian-go/internal/adapters/parsers/test_interfaces.go:37.63,38.32 1 0
github.com/syntropysoft/praetorian-go/internal/adapters/parsers/test_interfaces.go:38.32,40.3 1 0
github.com/syntropysoft/praetorian-go/internal/adapters/parsers/test_interfaces.go:41.2,41.28 1 0
github.com/syntropysoft/praetorian-go/internal/adapters/parsers/test_interfaces.go:41.28,43.3 1 0
github.com/syntropysoft/praetorian-go/internal/adapters/parsers/test_interfaces.go:44.2,44.25 1 0
github.com/syntropysoft/praetorian-go/internal/adapters/parsers/test_interfaces.go:54.68,56.27 2 0
github.com/syntropysoft/praetorian-go/internal/adapters/parsers/test_interfaces.go:56.27,58.3 1 0
github.com/syntropysoft/praetorian-go/internal/adapters/parsers/test_interfaces.go:59.2,59.20 1 0
github.com/syntropysoft/praetorian-go/internal/adapters/parsers/test_interfaces.go:59.20,60.51 1 0
github.com/syntropysoft/praetorian-go/internal/adapters/parsers/test_interfaces.go:60.51,62.4 1 0
github.com/syntropysoft/praetorian-go/internal/adapters/parsers/test_interfaces.go:64.2,64.36 1 0
github.com/syntropysoft/praetorian-go/internal/adapters/parsers/test_interfaces.go:71.62,72.16 1 0
github.com/syntropysoft/praetorian-go/internal/adapters/parsers/test_interfaces.go:73.14,74.54 1 0
github.com/syntropysoft/praetorian-go/internal/adapters/parsers/test_interfaces.go:75.14,76.63 1 0
github.com/syntropysoft/praetorian-go/internal/adapters/parsers/test_interfaces.go:77.14,78.57 1 0
github.com/syntropysoft/praetorian-go/internal/adapters/parsers/test_interfaces.go:79.20,80.50 1 0
github.com/syntropysoft/praetorian-go/internal/adapters/parsers/test_interfaces.go:81.13,82.49 1 0
github.com/syntropysoft/praetorian-go/internal/adapters/parsers/test_interfaces.go:83.13,84.50 1 0
github.com/syntropysoft/praetorian-go/internal/adapters/parsers/test_interfaces.go:85.10,86.32 1 0
github.com/syntropysoft/praetorian-go/internal/adapters/parsers/test_interfaces.go:91.87,102.2 1 0
github.com/syntropysoft/praetorian-go/internal/adapters/parsers/toml_processor.go:18.40,22.2 1 1
github.com/syntropysoft/praetorian-go/internal/adapters/parsers/toml_processor.go:25.58,27.2 1 0
github.com/syntropysoft/praetorian-go/internal/adapters/parsers/toml_processor.go:30.115,31.72 1 0
github.com/syntropysoft/praetorian-go/internal/adapters/parsers/toml_processor.go:31.72,33.3 1 0
github.com/syntropysoft/praetorian-go/internal/adapters/parsers/toml_processor.go:35.2,36.16 2 0
github.com/syntropysoft/praetorian-go/internal/adapters/parsers/toml_processor.go:36.16,38.3 1 0
github.com/syntropysoft/praetorian-go/internal/adapters/parsers/toml_processor.go:40.2,40.54 1 0
github.com/syntropysoft/praetorian-go/internal/adapters/parsers/toml_processor.go:44.59,46.2 1 1
github.com/syntropysoft/praetorian-go/internal/adapters/parsers/toml_processor.go:49.71,50.23 1 0
github.com/syntropysoft/praetorian-go/internal/adapters/parsers/toml_processor.go:50.23,52.3 1 0
github.com/syntropysoft/praetorian-go/internal/adapters/parsers/toml_processor.go:54.2,55.57 2 0
github.com/syntropysoft/praetorian-go/internal/adapters/parsers/toml_processor.go:55.57,57.3 1 0
github.com/syntropysoft/praetorian-go/internal/adapters/parsers/toml_processor.go:59.2,59.19 1 0
github.com/syntropysoft/praetorian-go/internal/adapters/parsers/toml_processor.go:59.19,61.3 1 0
github.com/syntropysoft/praetorian-go/internal/adapters/parsers/toml_processor.go:63.2,63.20 1 0
github.com/syntropysoft/praetorian-go/internal/adapters/parsers/xml_processor.go:18.38,22.2 1 1
github.com/syntropysoft/praetorian-go/internal/adapters/parsers/xml_processor.go:25.57,27.2 1 0
github.com/syntropysoft/praetorian-go/internal/adapters/parsers/xml_processor.go:30.114,31.72 1 0
github.com/syntropysoft/praetorian-go/internal/adapters/parsers/xml_processor.go:31.72,33.3 1 0
github.com/syntropysoft/praetorian-go/internal/adapters/parsers/xml_processor.go:35.2,36.16 2 0
github.com/syntropysoft/praetorian-go/internal/adapters/parsers/xml_processor.go:36.16,38.3 1 0
github.com/syntropysoft/praetorian-go/internal/adapters/parsers/xml_processor.go:40.2,40.53 1 0
github.com/syntropysoft/praetorian-go/internal/adapters/parsers/xml_processor.go:44.58,46.2 1 1
github.com/syntropysoft/praetorian-go/internal/adapters/parsers/xml_processor.go:49.70,51.29 1 0
github.com/syntropysoft/praetorian-go/internal/adapters/parsers/xml_processor.go:51.29,53.3 1 0
github.com/syntropysoft/praetorian-go/internal/adapters/parsers/xml_processor.go:55.2,58.16 4 0
github.com/syntropysoft/praetorian-go/internal/adapters/parsers/xml_processor.go:58.16,60.3 1 0
github.com/syntropysoft/praetorian-go/internal/adapters/parsers/xml_processor.go:62.2,62.18 1 0
github.com/syntropysoft/praetorian-go/internal/adapters/parsers/yaml_processor.go:21.40,25.2 1 1
github.com/syntropysoft/praetorian-go/internal/adapters/parsers/yaml_processor.go:28.58,30.20 1 0
github.com/syntropysoft/praetorian-go/internal/adapters/parsers/yaml_processor.go:30.20,32.3 1 0
github.com/syntropysoft/praetorian-go/internal/adapters/parsers/yaml_processor.go:34.2,35.33 2 0
github.com/syntropysoft/praetorian-go/internal/adapters/parsers/yaml_processor.go:39.115,41.22 1 0
github.com/syntropysoft/praetorian-go/internal/adapters/parsers/yaml_processor.go:41.22,43.3 1 0
github.com/syntropysoft/praetorian-go/internal/adapters/parsers/yaml_processor.go:46.2,46.59 1 0
github.com/syntropysoft/praetorian-go/internal/adapters/parsers/yaml_processor.go:46.59,48.3 1 0
github.com/syntropysoft/praetorian-go/internal/adapters/parsers/yaml_processor.go:51.2,52.16 2 0
github.com/syntropysoft/praetorian-go/internal/adapters/parsers/yaml_processor.go:52.16,54.3 1 0
github.com/syntropysoft/praetorian-go/internal/adapters/parsers/yaml_processor.go:57.2,57.48 1 0
github.com/syntropysoft/praetorian-go/internal/adapters/parsers/yaml_processor.go:61.59,66.2 3 1
github.com/syntropysoft/praetorian-go/internal/adapters/parsers/yaml_processor.go:69.83,71.23 1 0
github.com/syntropysoft/praetorian-go/internal/adapters/parsers/yaml_processor.go:71.23,73.3 1 0
github.com/syntropysoft/praetorian-go/internal/adapters/parsers/yaml_processor.go:75.2,76.57 2 0
github.com/syntropysoft/praetorian-go/internal/adapters/parsers/yaml_processor.go:76.57,78.3 1 0
github.com/syntropysoft/praetorian-go/internal/adapters/parsers/yaml_processor.go:81.2,81.19 1 0
github.com/syntropysoft/praetorian-go/internal/adapters/parsers/yaml_processor.go:81.19,83.3 1 0
github.com/syntropysoft/praetorian-go/internal/adapters/parsers/yaml_processor.go:85.2,85.20 1 0
github.com/syntropysoft/praetorian-go/internal/adapters/parsers/yaml_processor.go:89.107,97.2 1 0
github.com/syntropysoft/praetorian-go/internal/adapters/parsers/yaml_processor.go:100.109,109.20 2 0
github.com/syntropysoft/praetorian-go/internal/adapters/parsers/yaml_processor.go:109.20,112.3 2 0
github.com/syntropysoft/praetorian-go/internal/adapters/parsers/yaml_processor.go:114.2,114.17 1 0
github.com/syntropysoft/praetorian-go/internal/adapters/parsers/yaml_processor.go:118.78,119.20 1 0
github.com/syntropysoft/praetorian-go/internal/adapters/parsers/yaml_processor.go:119.20,121.3 1 0
github.com/syntropysoft/praetorian-go/internal/adapters/parsers/yaml_processor.go:122.2,122.20 1 0
github.com/syntropysoft/praetorian-go/internal/adapters/parsers/yaml_processor.go:122.20,124.3 1 0
github.com/syntropysoft/praetorian-go/internal/adapters/parsers/yaml_processor.go:125.2,125.12 1 0
github.com/syntropysoft/praetorian-go/internal/adapters/parsers/yaml_processor.go:129.66,132.2 2 0
github.com/syntropysoft/praetorian-go/internal/adapters/parsers/yaml_processor.go:135.66,136.44 1 0
github.com/syntropysoft/praetorian-go/internal/adapters/parsers/yaml_processor.go:136.44,137.23 1 0
github.com/syntropysoft/praetorian-go/internal/adapters/parsers/yaml_processor.go:137.23,139.4 1 0
github.com/syntropysoft/praetorian-go/internal/adapters/parsers/yaml_processor.go:141.2,141.14 1 0
github.com/syntropysoft/praetorian-go/internal/adapters/parsers/yaml_processor.go:145.68,146.17 1 0
github.com/syntropysoft/praetorian-go/internal/adapters/parsers/yaml_processor.go:146.17,148.3 1 0
github.com/syntropysoft/praetorian-go/internal/adapters/parsers/yaml_processor.go:149.2,149.18 1 0
github.com/syntropysoft/praetorian-go/internal/adapters/parsers/yaml_processor.go:153.73,154.17 1 0
github.com/syntropysoft/praetorian-go/internal/adapters/parsers/yaml_processor.go:154.17,156.3 1 0
github.com/syntropysoft/praetorian-go/internal/adapters/parsers/yaml_processor.go:158.2,158.29 1 0
github.com/syntropysoft/praetorian-go/internal/adapters/parsers/yaml_processor.go:158.29,159.28 1 0
github.com/syntropysoft/praetorian-go/internal/adapters/parsers/yaml_processor.go:160.31,161.15 1 0
github.com/syntropysoft/praetorian-go/internal/adapters/parsers/yaml_processor.go:162.22,163.18 1 0
github.com/syntropysoft/praetorian-go/internal/adapters/parsers/yaml_processor.go:163.18,165.5 1 0
github.com/syntropysoft/praetorian-go/internal/adapters/parsers/yaml_processor.go:169.2,169.14 1 0
