mode: set
github.com/syntropysoft/praetorian-go/internal/adapters/parsers/common.go:14.87,16.20 1 1
github.com/syntropysoft/praetorian-go/internal/adapters/parsers/common.go:16.20,18.3 1 1
github.com/syntropysoft/praetorian-go/internal/adapters/parsers/common.go:20.2,21.52 2 1
github.com/syntropysoft/praetorian-go/internal/adapters/parsers/common.go:25.90,27.22 1 1
github.com/syntropysoft/praetorian-go/internal/adapters/parsers/common.go:27.22,29.3 1 0
github.com/syntropysoft/praetorian-go/internal/adapters/parsers/common.go:32.2,32.20 1 1
github.com/syntropysoft/praetorian-go/internal/adapters/parsers/common.go:32.20,34.3 1 1
github.com/syntropysoft/praetorian-go/internal/adapters/parsers/common.go:37.2,37.20 1 1
github.com/syntropysoft/praetorian-go/internal/adapters/parsers/common.go:37.20,39.3 1 1
github.com/syntropysoft/praetorian-go/internal/adapters/parsers/common.go:41.2,41.12 1 1
github.com/syntropysoft/praetorian-go/internal/adapters/parsers/common.go:45.47,48.2 2 1
github.com/syntropysoft/praetorian-go/internal/adapters/parsers/common.go:51.77,52.42 1 1
github.com/syntropysoft/praetorian-go/internal/adapters/parsers/common.go:52.42,53.23 1 1
github.com/syntropysoft/praetorian-go/internal/adapters/parsers/common.go:53.23,55.4 1 1
github.com/syntropysoft/praetorian-go/internal/adapters/parsers/common.go:57.2,57.14 1 1
github.com/syntropysoft/praetorian-go/internal/adapters/parsers/common.go:61.51,65.2 3 1
github.com/syntropysoft/praetorian-go/internal/adapters/parsers/common.go:68.96,76.2 1 0
github.com/syntropysoft/praetorian-go/internal/adapters/parsers/common.go:79.98,88.20 2 0
github.com/syntropysoft/praetorian-go/internal/adapters/parsers/common.go:88.20,91.3 2 0
github.com/syntropysoft/praetorian-go/internal/adapters/parsers/common.go:93.2,93.17 1 0
github.com/syntropysoft/praetorian-go/internal/adapters/parsers/common.go:97.49,98.17 1 0
github.com/syntropysoft/praetorian-go/internal/adapters/parsers/common.go:98.17,100.3 1 0
github.com/syntropysoft/praetorian-go/internal/adapters/parsers/common.go:101.2,101.18 1 0
github.com/syntropysoft/praetorian-go/internal/adapters/parsers/common.go:105.54,106.17 1 0
github.com/syntropysoft/praetorian-go/internal/adapters/parsers/common.go:106.17,108.3 1 0
github.com/syntropysoft/praetorian-go/internal/adapters/parsers/common.go:110.2,110.29 1 0
github.com/syntropysoft/praetorian-go/internal/adapters/parsers/common.go:110.29,111.28 1 0
github.com/syntropysoft/praetorian-go/internal/adapters/parsers/common.go:112.31,113.15 1 0
github.com/syntropysoft/praetorian-go/internal/adapters/parsers/common.go:114.22,115.18 1 0
github.com/syntropysoft/praetorian-go/internal/adapters/parsers/common.go:115.18,117.5 1 0
github.com/syntropysoft/praetorian-go/internal/adapters/parsers/common.go:121.2,121.14 1 0
github.com/syntropysoft/praetorian-go/internal/adapters/parsers/common.go:125.40,127.17 1 0
github.com/syntropysoft/praetorian-go/internal/adapters/parsers/common.go:127.17,129.3 1 0
github.com/syntropysoft/praetorian-go/internal/adapters/parsers/common.go:132.2,132.20 1 0
github.com/syntropysoft/praetorian-go/internal/adapters/parsers/common.go:132.20,134.3 1 0
github.com/syntropysoft/praetorian-go/internal/adapters/parsers/common.go:137.2,137.70 1 0
github.com/syntropysoft/praetorian-go/internal/adapters/parsers/common.go:137.70,139.3 1 0
github.com/syntropysoft/praetorian-go/internal/adapters/parsers/common.go:142.2,142.68 1 0
github.com/syntropysoft/praetorian-go/internal/adapters/parsers/common.go:142.68,144.3 1 0
github.com/syntropysoft/praetorian-go/internal/adapters/parsers/common.go:146.2,146.14 1 0
github.com/syntropysoft/praetorian-go/internal/adapters/parsers/common.go:150.42,152.2 1 0
github.com/syntropysoft/praetorian-go/internal/adapters/parsers/common.go:155.49,157.2 1 0
github.com/syntropysoft/praetorian-go/internal/adapters/parsers/common.go:160.42,162.2 1 0
github.com/syntropysoft/praetorian-go/internal/adapters/parsers/common.go:165.35,167.2 1 0
github.com/syntropysoft/praetorian-go/internal/adapters/parsers/common.go:170.36,172.2 1 0
github.com/syntropysoft/praetorian-go/internal/adapters/parsers/common.go:175.45,177.2 1 0
github.com/syntropysoft/praetorian-go/internal/adapters/parsers/common.go:180.72,184.2 3 0
github.com/syntropysoft/praetorian-go/internal/adapters/parsers/common.go:187.34,189.2 1 0
github.com/syntropysoft/praetorian-go/internal/adapters/parsers/common.go:192.104,194.29 1 0
github.com/syntropysoft/praetorian-go/internal/adapters/parsers/common.go:194.29,196.3 1 0
github.com/syntropysoft/praetorian-go/internal/adapters/parsers/common.go:198.2,201.29 3 0
github.com/syntropysoft/praetorian-go/internal/adapters/parsers/common.go:201.29,205.57 2 0
github.com/syntropysoft/praetorian-go/internal/adapters/parsers/common.go:205.57,206.12 1 0
github.com/syntropysoft/praetorian-go/internal/adapters/parsers/common.go:210.3,210.55 1 0
github.com/syntropysoft/praetorian-go/internal/adapters/parsers/common.go:210.55,212.4 1 0
github.com/syntropysoft/praetorian-go/internal/adapters/parsers/common.go:215.2,215.20 1 0
github.com/syntropysoft/praetorian-go/internal/adapters/parsers/common.go:219.56,221.26 2 0
github.com/syntropysoft/praetorian-go/internal/adapters/parsers/common.go:221.26,223.3 1 0
github.com/syntropysoft/praetorian-go/internal/adapters/parsers/common.go:225.2,226.36 2 0
github.com/syntropysoft/praetorian-go/internal/adapters/parsers/env_processor.go:17.38,21.2 1 1
github.com/syntropysoft/praetorian-go/internal/adapters/parsers/env_processor.go:24.57,26.2 1 0
github.com/syntropysoft/praetorian-go/internal/adapters/parsers/env_processor.go:29.114,30.72 1 0
github.com/syntropysoft/praetorian-go/internal/adapters/parsers/env_processor.go:30.72,32.3 1 0
github.com/syntropysoft/praetorian-go/internal/adapters/parsers/env_processor.go:34.2,35.16 2 0
github.com/syntropysoft/praetorian-go/internal/adapters/parsers/env_processor.go:35.16,37.3 1 0
github.com/syntropysoft/praetorian-go/internal/adapters/parsers/env_processor.go:39.2,39.53 1 0
github.com/syntropysoft/praetorian-go/internal/adapters/parsers/env_processor.go:43.58,45.2 1 1
github.com/syntropysoft/praetorian-go/internal/adapters/parsers/env_processor.go:48.70,50.29 1 0
github.com/syntropysoft/praetorian-go/internal/adapters/parsers/env_processor.go:50.29,52.3 1 0
github.com/syntropysoft/praetorian-go/internal/adapters/parsers/env_processor.go:54.2,54.52 1 0
github.com/syntropysoft/praetorian-go/internal/adapters/parsers/env_processor.go:58.37,60.2 1 0
github.com/syntropysoft/praetorian-go/internal/adapters/parsers/hcl_processor.go:17.38,21.2 1 1
github.com/syntropysoft/praetorian-go/internal/adapters/parsers/hcl_processor.go:24.57,26.2 1 0
github.com/syntropysoft/praetorian-go/internal/adapters/parsers/hcl_processor.go:29.114,30.72 1 0
github.com/syntropysoft/praetorian-go/internal/adapters/parsers/hcl_processor.go:30.72,32.3 1 0
github.com/syntropysoft/praetorian-go/internal/adapters/parsers/hcl_processor.go:34.2,35.16 2 0
github.com/syntropysoft/praetorian-go/internal/adapters/parsers/hcl_processor.go:35.16,37.3 1 0
github.com/syntropysoft/praetorian-go/internal/adapters/parsers/hcl_processor.go:39.2,39.53 1 0
github.com/syntropysoft/praetorian-go/internal/adapters/parsers/hcl_processor.go:43.58,45.2 1 1
github.com/syntropysoft/praetorian-go/internal/adapters/parsers/hcl_processor.go:48.70,50.29 1 0
github.com/syntropysoft/praetorian-go/internal/adapters/parsers/hcl_processor.go:50.29,52.3 1 0
github.com/syntropysoft/praetorian-go/internal/adapters/parsers/hcl_processor.go:54.2,56.78 2 0
github.com/syntropysoft/praetorian-go/internal/adapters/parsers/hcl_processor.go:56.78,58.3 1 0
github.com/syntropysoft/praetorian-go/internal/adapters/parsers/hcl_processor.go:60.2,60.20 1 0
github.com/syntropysoft/praetorian-go/internal/adapters/parsers/ini_processor.go:17.38,21.2 1 1
github.com/syntropysoft/praetorian-go/internal/adapters/parsers/ini_processor.go:24.57,26.2 1 0
github.com/syntropysoft/praetorian-go/internal/adapters/parsers/ini_processor.go:29.114,30.72 1 0
github.com/syntropysoft/praetorian-go/internal/adapters/parsers/ini_processor.go:30.72,32.3 1 0
github.com/syntropysoft/praetorian-go/internal/adapters/parsers/ini_processor.go:34.2,35.16 2 0
github.com/syntropysoft/praetorian-go/internal/adapters/parsers/ini_processor.go:35.16,37.3 1 0
github.com/syntropysoft/praetorian-go/internal/adapters/parsers/ini_processor.go:39.2,39.53 1 0
github.com/syntropysoft/praetorian-go/internal/adapters/parsers/ini_processor.go:43.58,45.2 1 1
github.com/syntropysoft/praetorian-go/internal/adapters/parsers/ini_processor.go:48.70,50.29 1 0
github.com/syntropysoft/praetorian-go/internal/adapters/parsers/ini_processor.go:50.29,52.3 1 0
github.com/syntropysoft/praetorian-go/internal/adapters/parsers/ini_processor.go:54.2,54.50 1 0
github.com/syntropysoft/praetorian-go/internal/adapters/parsers/ini_processor.go:58.73,63.29 4 0
github.com/syntropysoft/praetorian-go/internal/adapters/parsers/ini_processor.go:63.29,67.60 2 0
github.com/syntropysoft/praetorian-go/internal/adapters/parsers/ini_processor.go:67.60,68.12 1 0
github.com/syntropysoft/praetorian-go/internal/adapters/parsers/ini_processor.go:72.3,72.32 1 0
github.com/syntropysoft/praetorian-go/internal/adapters/parsers/ini_processor.go:72.32,75.12 3 0
github.com/syntropysoft/praetorian-go/internal/adapters/parsers/ini_processor.go:79.3,79.58 1 0
github.com/syntropysoft/praetorian-go/internal/adapters/parsers/ini_processor.go:79.58,81.4 1 0
github.com/syntropysoft/praetorian-go/internal/adapters/parsers/ini_processor.go:84.2,84.15 1 0
github.com/syntropysoft/praetorian-go/internal/adapters/parsers/ini_processor.go:88.37,90.2 1 0
github.com/syntropysoft/praetorian-go/internal/adapters/parsers/ini_processor.go:93.37,95.2 1 0
github.com/syntropysoft/praetorian-go/internal/adapters/parsers/ini_processor.go:98.44,100.2 1 0
github.com/syntropysoft/praetorian-go/internal/adapters/parsers/ini_processor.go:103.59,105.26 2 0
github.com/syntropysoft/praetorian-go/internal/adapters/parsers/ini_processor.go:105.26,107.3 1 0
github.com/syntropysoft/praetorian-go/internal/adapters/parsers/ini_processor.go:109.2,110.36 2 0
github.com/syntropysoft/praetorian-go/internal/adapters/parsers/ini_processor.go:114.77,117.19 2 0
github.com/syntropysoft/praetorian-go/internal/adapters/parsers/ini_processor.go:117.19,118.69 1 0
github.com/syntropysoft/praetorian-go/internal/adapters/parsers/ini_processor.go:118.69,120.4 1 0
github.com/syntropysoft/praetorian-go/internal/adapters/parsers/ini_processor.go:121.8,123.3 1 0
github.com/syntropysoft/praetorian-go/internal/adapters/parsers/json_processor.go:20.40,24.2 1 1
github.com/syntropysoft/praetorian-go/internal/adapters/parsers/json_processor.go:27.58,29.20 1 0
github.com/syntropysoft/praetorian-go/internal/adapters/parsers/json_processor.go:29.20,31.3 1 0
github.com/syntropysoft/praetorian-go/internal/adapters/parsers/json_processor.go:33.2,34.33 2 0
github.com/syntropysoft/praetorian-go/internal/adapters/parsers/json_processor.go:38.115,40.22 1 0
github.com/syntropysoft/praetorian-go/internal/adapters/parsers/json_processor.go:40.22,42.3 1 0
github.com/syntropysoft/praetorian-go/internal/adapters/parsers/json_processor.go:45.2,45.59 1 0
github.com/syntropysoft/praetorian-go/internal/adapters/parsers/json_processor.go:45.59,47.3 1 0
github.com/syntropysoft/praetorian-go/internal/adapters/parsers/json_processor.go:50.2,51.16 2 0
github.com/syntropysoft/praetorian-go/internal/adapters/parsers/json_processor.go:51.16,53.3 1 0
github.com/syntropysoft/praetorian-go/internal/adapters/parsers/json_processor.go:56.2,56.48 1 0
github.com/syntropysoft/praetorian-go/internal/adapters/parsers/json_processor.go:60.59,65.2 3 1
github.com/syntropysoft/praetorian-go/internal/adapters/parsers/json_processor.go:68.83,70.23 1 0
github.com/syntropysoft/praetorian-go/internal/adapters/parsers/json_processor.go:70.23,72.3 1 0
github.com/syntropysoft/praetorian-go/internal/adapters/parsers/json_processor.go:74.2,75.57 2 0
github.com/syntropysoft/praetorian-go/internal/adapters/parsers/json_processor.go:75.57,77.3 1 0
github.com/syntropysoft/praetorian-go/internal/adapters/parsers/json_processor.go:80.2,80.19 1 0
github.com/syntropysoft/praetorian-go/internal/adapters/parsers/json_processor.go:80.19,82.3 1 0
github.com/syntropysoft/praetorian-go/internal/adapters/parsers/json_processor.go:84.2,84.20 1 0
github.com/syntropysoft/praetorian-go/internal/adapters/parsers/json_processor.go:88.107,96.2 1 0
github.com/syntropysoft/praetorian-go/internal/adapters/parsers/json_processor.go:99.109,109.20 2 0
github.com/syntropysoft/praetorian-go/internal/adapters/parsers/json_processor.go:109.20,112.3 2 0
github.com/syntropysoft/praetorian-go/internal/adapters/parsers/json_processor.go:114.2,114.17 1 0
github.com/syntropysoft/praetorian-go/internal/adapters/parsers/json_processor.go:118.78,119.20 1 0
github.com/syntropysoft/praetorian-go/internal/adapters/parsers/json_processor.go:119.20,121.3 1 0
github.com/syntropysoft/praetorian-go/internal/adapters/parsers/json_processor.go:122.2,122.20 1 0
github.com/syntropysoft/praetorian-go/internal/adapters/parsers/json_processor.go:122.20,124.3 1 0
github.com/syntropysoft/praetorian-go/internal/adapters/parsers/json_processor.go:125.2,125.12 1 0
github.com/syntropysoft/praetorian-go/internal/adapters/parsers/json_processor.go:129.66,132.2 2 0
github.com/syntropysoft/praetorian-go/internal/adapters/parsers/json_processor.go:135.66,136.44 1 0
github.com/syntropysoft/praetorian-go/internal/adapters/parsers/json_processor.go:136.44,137.23 1 0
github.com/syntropysoft/praetorian-go/internal/adapters/parsers/json_processor.go:137.23,139.4 1 0
github.com/syntropysoft/praetorian-go/internal/adapters/parsers/json_processor.go:141.2,141.14 1 0
github.com/syntropysoft/praetorian-go/internal/adapters/parsers/json_processor.go:145.68,146.17 1 0
github.com/syntropysoft/praetorian-go/internal/adapters/parsers/json_processor.go:146.17,148.3 1 0
github.com/syntropysoft/praetorian-go/internal/adapters/parsers/json_processor.go:149.2,149.18 1 0
github.com/syntropysoft/praetorian-go/internal/adapters/parsers/json_processor.go:153.73,154.17 1 0
github.com/syntropysoft/praetorian-go/internal/adapters/parsers/json_processor.go:154.17,156.3 1 0
github.com/syntropysoft/praetorian-go/internal/adapters/parsers/json_processor.go:158.2,158.29 1 0
github.com/syntropysoft/praetorian-go/internal/adapters/parsers/json_processor.go:158.29,159.28 1 0
github.com/syntropysoft/praetorian-go/internal/adapters/parsers/json_processor.go:160.31,161.15 1 0
github.com/syntropysoft/praetorian-go/internal/adapters/parsers/json_processor.go:162.22,163.18 1 0
github.com/syntropysoft/praetorian-go/internal/adapters/parsers/json_processor.go:163.18,165.5 1 0
github.com/syntropysoft/praetorian-go/internal/adapters/parsers/json_processor.go:169.2,169.14 1 0
github.com/syntropysoft/praetorian-go/internal/adapters/parsers/json_processor.go:173.71,177.2 2 0
github.com/syntropysoft/praetorian-go/internal/adapters/parsers/parsers.go:10.60,12.21 1 1
github.com/syntropysoft/praetorian-go/internal/adapters/parsers/parsers.go:12.21,14.3 1 0
github.com/syntropysoft/praetorian-go/internal/adapters/parsers/parsers.go:17.2,29.39 2 1
github.com/syntropysoft/praetorian-go/internal/adapters/parsers/parsers.go:29.39,30.63 1 1
github.com/syntropysoft/praetorian-go/internal/adapters/parsers/parsers.go:30.63,32.4 1 0
github.com/syntropysoft/praetorian-go/internal/adapters/parsers/parsers.go:35.2,35.12 1 1
github.com/syntropysoft/praetorian-go/internal/adapters/parsers/properties_processor.go:17.52,21.2 1 1
github.com/syntropysoft/praetorian-go/internal/adapters/parsers/properties_processor.go:24.64,26.2 1 0
github.com/syntropysoft/praetorian-go/internal/adapters/parsers/properties_processor.go:29.121,30.72 1 0
github.com/syntropysoft/praetorian-go/internal/adapters/parsers/properties_processor.go:30.72,32.3 1 0
github.com/syntropysoft/praetorian-go/internal/adapters/parsers/properties_processor.go:34.2,35.16 2 0
github.com/syntropysoft/praetorian-go/internal/adapters/parsers/properties_processor.go:35.16,37.3 1 0
github.com/syntropysoft/praetorian-go/internal/adapters/parsers/properties_processor.go:39.2,39.60 1 0
github.com/syntropysoft/praetorian-go/internal/adapters/parsers/properties_processor.go:43.65,45.2 1 1
github.com/syntropysoft/praetorian-go/internal/adapters/parsers/properties_processor.go:48.77,50.29 1 0
github.com/syntropysoft/praetorian-go/internal/adapters/parsers/properties_processor.go:50.29,52.3 1 0
github.com/syntropysoft/praetorian-go/internal/adapters/parsers/properties_processor.go:54.2,54.59 1 0
github.com/syntropysoft/praetorian-go/internal/adapters/parsers/properties_processor.go:58.44,60.2 1 0
github.com/syntropysoft/praetorian-go/internal/adapters/parsers/registry.go:18.42,25.56 2 1
github.com/syntropysoft/praetorian-go/internal/adapters/parsers/registry.go:25.56,26.63 1 0
github.com/syntropysoft/praetorian-go/internal/adapters/parsers/registry.go:29.2,29.17 1 1
github.com/syntropysoft/praetorian-go/internal/adapters/parsers/registry.go:33.82,35.22 1 1
github.com/syntropysoft/praetorian-go/internal/adapters/parsers/registry.go:35.22,37.3 1 0
github.com/syntropysoft/praetorian-go/internal/adapters/parsers/registry.go:40.2,40.57 1 1
github.com/syntropysoft/praetorian-go/internal/adapters/parsers/registry.go:40.57,42.3 1 0
github.com/syntropysoft/praetorian-go/internal/adapters/parsers/registry.go:45.2,48.57 2 1
github.com/syntropysoft/praetorian-go/internal/adapters/parsers/registry.go:48.57,50.3 1 1
github.com/syntropysoft/praetorian-go/internal/adapters/parsers/registry.go:52.2,52.12 1 1
github.com/syntropysoft/praetorian-go/internal/adapters/parsers/registry.go:56.86,58.20 1 1
github.com/syntropysoft/praetorian-go/internal/adapters/parsers/registry.go:58.20,60.3 1 0
github.com/syntropysoft/praetorian-go/internal/adapters/parsers/registry.go:63.2,64.15 2 1
github.com/syntropysoft/praetorian-go/internal/adapters/parsers/registry.go:64.15,66.3 1 0
github.com/syntropysoft/praetorian-go/internal/adapters/parsers/registry.go:69.2,70.13 2 1
github.com/syntropysoft/praetorian-go/internal/adapters/parsers/registry.go:70.13,72.3 1 1
github.com/syntropysoft/praetorian-go/internal/adapters/parsers/registry.go:74.2,74.23 1 1
github.com/syntropysoft/praetorian-go/internal/adapters/parsers/registry.go:78.98,80.21 1 0
github.com/syntropysoft/praetorian-go/internal/adapters/parsers/registry.go:80.21,82.3 1 0
github.com/syntropysoft/praetorian-go/internal/adapters/parsers/registry.go:85.2,88.13 3 0
github.com/syntropysoft/praetorian-go/internal/adapters/parsers/registry.go:88.13,90.3 1 0
github.com/syntropysoft/praetorian-go/internal/adapters/parsers/registry.go:92.2,92.23 1 0
github.com/syntropysoft/praetorian-go/internal/adapters/parsers/registry.go:96.68,101.2 3 0
github.com/syntropysoft/praetorian-go/internal/adapters/parsers/registry.go:104.60,106.33 2 0
github.com/syntropysoft/praetorian-go/internal/adapters/parsers/registry.go:106.33,108.3 1 0
github.com/syntropysoft/praetorian-go/internal/adapters/parsers/registry.go:109.2,109.19 1 0
github.com/syntropysoft/praetorian-go/internal/adapters/parsers/registry.go:113.62,117.2 3 0
github.com/syntropysoft/praetorian-go/internal/adapters/parsers/registry.go:120.50,122.2 1 0
github.com/syntropysoft/praetorian-go/internal/adapters/parsers/registry.go:125.87,128.40 2 1
github.com/syntropysoft/praetorian-go/internal/adapters/parsers/registry.go:128.40,130.63 2 1
github.com/syntropysoft/praetorian-go/internal/adapters/parsers/registry.go:130.63,132.4 1 0
github.com/syntropysoft/praetorian-go/internal/adapters/parsers/registry.go:135.2,135.12 1 1
github.com/syntropysoft/praetorian-go/internal/adapters/parsers/registry.go:139.72,140.26 1 1
github.com/syntropysoft/praetorian-go/internal/adapters/parsers/registry.go:140.26,141.27 1 1
github.com/syntropysoft/praetorian-go/internal/adapters/parsers/registry.go:141.27,142.16 1 1
github.com/syntropysoft/praetorian-go/internal/adapters/parsers/registry.go:142.16,144.5 1 0
github.com/syntropysoft/praetorian-go/internal/adapters/parsers/registry.go:147.2,147.14 1 1
github.com/syntropysoft/praetorian-go/internal/adapters/parsers/registry.go:151.67,154.2 2 1
github.com/syntropysoft/praetorian-go/internal/adapters/parsers/registry.go:157.70,160.2 2 1
github.com/syntropysoft/praetorian-go/internal/adapters/parsers/registry.go:163.55,178.39 3 0
github.com/syntropysoft/praetorian-go/internal/adapters/parsers/registry.go:178.39,179.63 1 0
github.com/syntropysoft/praetorian-go/internal/adapters/parsers/registry.go:179.63,181.4 1 0
github.com/syntropysoft/praetorian-go/internal/adapters/parsers/registry.go:184.2,184.22 1 0
github.com/syntropysoft/praetorian-go/internal/adapters/parsers/test_interfaces.go:18.62,20.29 2 0
github.com/syntropysoft/praetorian-go/internal/adapters/parsers/test_interfaces.go:20.29,22.3 1 0
github.com/syntropysoft/praetorian-go/internal/adapters/parsers/test_interfaces.go:23.2,23.13 1 0
github.com/syntropysoft/praetorian-go/internal/adapters/parsers/test_interfaces.go:26.119,27.26 1 0
github.com/syntropysoft/praetorian-go/internal/adapters/parsers/test_interfaces.go:27.26,29.3 1 0
github.com/syntropysoft/praetorian-go/internal/adapters/parsers/test_interfaces.go:30.2,34.8 1 0
github.com/syntropysoft/praetorian-go/internal/adapters/parsers/test_interfaces.go:37.63,38.32 1 0
github.com/syntropysoft/praetorian-go/internal/adapters/parsers/test_interfaces.go:38.32,40.3 1 0
github.com/syntropysoft/praetorian-go/internal/adapters/parsers/test_interfaces.go:41.2,41.28 1 0
github.com/syntropysoft/praetorian-go/internal/adapters/parsers/test_interfaces.go:41.28,43.3 1 0
github.com/syntropysoft/praetorian-go/internal/adapters/parsers/test_interfaces.go:44.2,44.25 1 0
github.com/syntropysoft/praetorian-go/internal/adapters/parsers/test_interfaces.go:54.68,56.27 2 0
github.com/syntropysoft/praetorian-go/internal/adapters/parsers/test_interfaces.go:56.27,58.3 1 0
github.com/syntropysoft/praetorian-go/internal/adapters/parsers/test_interfaces.go:59.2,59.20 1 0
github.com/syntropysoft/praetorian-go/internal/adapters/parsers/test_interfaces.go:59.20,60.51 1 0
github.com/syntropysoft/praetorian-go/internal/adapters/parsers/test_interfaces.go:60.51,62.4 1 0
github.com/syntropysoft/praetorian-go/internal/adapters/parsers/test_interfaces.go:64.2,64.36 1 0
github.com/syntropysoft/praetorian-go/internal/adapters/parsers/test_interfaces.go:71.62,72.16 1 0
github.com/syntropysoft/praetorian-go/internal/adapters/parsers/test_interfaces.go:73.14,74.54 1 0
github.com/syntropysoft/praetorian-go/internal/adapters/parsers/test_interfaces.go:75.14,76.63 1 0
github.com/syntropysoft/praetorian-go/internal/adapters/parsers/test_interfaces.go:77.14,78.57 1 0
github.com/syntropysoft/praetorian-go/internal/adapters/parsers/test_interfaces.go:79.20,80.50 1 0
github.com/syntropysoft/praetorian-go/internal/adapters/parsers/test_interfaces.go:81.13,82.49 1 0
github.com/syntropysoft/praetorian-go/internal/adapters/parsers/test_interfaces.go:83.13,84.50 1 0
github.com/syntropysoft/praetorian-go/internal/adapters/parsers/test_interfaces.go:85.10,86.32 1 0
github.com/syntropysoft/praetorian-go/internal/adapters/parsers/test_interfaces.go:91.87,102.2 1 0
github.com/syntropysoft/praetorian-go/internal/adapters/parsers/toml_processor.go:18.40,22.2 1 1
github.com/syntropysoft/praetorian-go/internal/adapters/parsers/toml_processor.go:25.58,27.2 1 0
github.com/syntropysoft/praetorian-go/internal/adapters/parsers/toml_processor.go:30.115,31.72 1 0
github.com/syntropysoft/praetorian-go/internal/adapters/parsers/toml_processor.go:31.72,33.3 1 0
github.com/syntropysoft/praetorian-go/internal/adapters/parsers/toml_processor.go:35.2,36.16 2 0
github.com/syntropysoft/praetorian-go/internal/adapters/parsers/toml_processor.go:36.16,38.3 1 0
github.com/syntropysoft/praetorian-go/internal/adapters/parsers/toml_processor.go:40.2,40.54 1 0
github.com/syntropysoft/praetorian-go/internal/adapters/parsers/toml_processor.go:44.59,46.2 1 1
github.com/syntropysoft/praetorian-go/internal/adapters/parsers/toml_processor.go:49.71,50.23 1 0
github.com/syntropysoft/praetorian-go/internal/adapters/parsers/toml_processor.go:50.23,52.3 1 0
github.com/syntropysoft/praetorian-go/internal/adapters/parsers/toml_processor.go:54.2,55.57 2 0
github.com/syntropysoft/praetorian-go/internal/adapters/parsers/toml_processor.go:55.57,57.3 1 0
github.com/syntropysoft/praetorian-go/internal/adapters/parsers/toml_processor.go:59.2,59.19 1 0
github.com/syntropysoft/praetorian-go/internal/adapters/parsers/toml_processor.go:59.19,61.3 1 0
github.com/syntropysoft/praetorian-go/internal/adapters/parsers/toml_processor.go:63.2,63.20 1 0
github.com/syntropysoft/praetorian-go/internal/adapters/parsers/xml_processor.go:18.38,22.2 1 1
github.com/syntropysoft/praetorian-go/internal/adapters/parsers/xml_processor.go:25.57,27.2 1 0
github.com/syntropysoft/praetorian-go/internal/adapters/parsers/xml_processor.go:30.114,31.72 1 0
github.com/syntropysoft/praetorian-go/internal/adapters/parsers/xml_processor.go:31.72,33.3 1 0
github.com/syntropysoft/praetorian-go/internal/adapters/parsers/xml_processor.go:35.2,36.16 2 0
github.com/syntropysoft/praetorian-go/internal/adapters/parsers/xml_processor.go:36.16,38.3 1 0
github.com/syntropysoft/praetorian-go/internal/adapters/parsers/xml_processor.go:40.2,40.53 1 0
github.com/syntropysoft/praetorian-go/internal/adapters/parsers/xml_processor.go:44.58,46.2 1 1
github.com/syntropysoft/praetorian-go/internal/adapters/parsers/xml_processor.go:49.70,51.29 1 0
github.com/syntropysoft/praetorian-go/internal/adapters/parsers/xml_processor.go:51.29,53.3 1 0
github.com/syntropysoft/praetorian-go/internal/adapters/parsers/xml_processor.go:55.2,58.16 4 0
github.com/syntropysoft/praetorian-go/internal/adapters/parsers/xml_processor.go:58.16,60.3 1 0
github.com/syntropysoft/praetorian-go/internal/adapters/parsers/xml_processor.go:62.2,62.18 1 0
github.com/syntropysoft/praetorian-go/internal/adapters/parsers/yaml_processor.go:21.40,25.2 1 1
github.com/syntropysoft/praetorian-go/internal/adapters/parsers/yaml_processor.go:28.58,30.20 1 0
github.com/syntropysoft/praetorian-go/internal/adapters/parsers/yaml_processor.go:30.20,32.3 1 0
github.com/syntropysoft/praetorian-go/internal/adapters/parsers/yaml_processor.go:34.2,35.33 2 0
github.com/syntropysoft/praetorian-go/internal/adapters/parsers/yaml_processor.go:39.115,41.22 1 0
github.com/syntropysoft/praetorian-go/internal/adapters/parsers/yaml_processor.go:41.22,43.3 1 0
github.com/syntropysoft/praetorian-go/internal/adapters/parsers/yaml_processor.go:46.2,46.59 1 0
github.com/syntropysoft/praetorian-go/internal/adapters/parsers/yaml_processor.go:46.59,48.3 1 0
github.com/syntropysoft/praetorian-go/internal/adapters/parsers/yaml_processor.go:51.2,52.16 2 0
github.com/syntropysoft/praetorian-go/internal/adapters/parsers/yaml_processor.go:52.16,54.3 1 0
github.com/syntropysoft/praetorian-go/internal/adapters/parsers/yaml_processor.go:57.2,57.48 1 0
github.com/syntropysoft/praetorian-go/internal/adapters/parsers/yaml_processor.go:61.59,66.2 3 1
github.com/syntropysoft/praetorian-go/internal/adapters/parsers/yaml_processor.go:69.83,71.23 1 0
github.com/syntropysoft/praetorian-go/internal/adapters/parsers/yaml_processor.go:71.23,73.3 1 0
github.com/syntropysoft/praetorian-go/internal/adapters/parsers/yaml_processor.go:75.2,76.57 2 0
github.com/syntropysoft/praetorian-go/internal/adapters/parsers/yaml_processor.go:76.57,78.3 1 0
github.com/syntropysoft/praetorian-go/internal/adapters/parsers/yaml_processor.go:81.2,81.19 1 0
github.com/syntropysoft/praetorian-go/internal/adapters/parsers/yaml_processor.go:81.19,83.3 1 0
github.com/syntropysoft/praetorian-go/internal/adapters/parsers/yaml_processor.go:85.2,85.20 1 0
github.com/syntropysoft/praetorian-go/internal/adapters/parsers/yaml_processor.go:89.107,97.2 1 0
github.com/syntropysoft/praetorian-go/internal/adapters/parsers/yaml_processor.go:100.109,109.20 2 0
github.com/syntropysoft/praetorian-go/internal/adapters/parsers/yaml_processor.go:109.20,112.3 2 0
github.com/syntropysoft/praetorian-go/internal/adapters/parsers/yaml_processor.go:114.2,114.17 1 0
github.com/syntropysoft/praetorian-go/internal/adapters/parsers/yaml_processor.go:118.78,119.20 1 0
github.com/syntropysoft/praetorian-go/internal/adapters/parsers/yaml_processor.go:119.20,121.3 1 0
github.com/syntropysoft/praetorian-go/internal/adapters/parsers/yaml_processor.go:122.2,122.20 1 0
github.com/syntropysoft/praetorian-go/internal/adapters/parsers/yaml_processor.go:122.20,124.3 1 0
github.com/syntropysoft/praetorian-go/internal/adapters/parsers/yaml_processor.go:125.2,125.12 1 0
github.com/syntropysoft/praetorian-go/internal/adapters/parsers/yaml_processor.go:129.66,132.2 2 0
github.com/syntropysoft/praetorian-go/internal/adapters/parsers/yaml_processor.go:135.66,136.44 1 0
github.com/syntropysoft/praetorian-go/internal/adapters/parsers/yaml_processor.go:136.44,137.23 1 0
github.com/syntropysoft/praetorian-go/internal/adapters/parsers/yaml_processor.go:137.23,139.4 1 0
github.com/syntropysoft/praetorian-go/internal/adapters/parsers/yaml_processor.go:141.2,141.14 1 0
github.com/syntropysoft/praetorian-go/internal/adapters/parsers/yaml_processor.go:145.68,146.17 1 0
github.com/syntropysoft/praetorian-go/internal/adapters/parsers/yaml_processor.go:146.17,148.3 1 0
github.com/syntropysoft/praetorian-go/internal/adapters/parsers/yaml_processor.go:149.2,149.18 1 0
github.com/syntropysoft/praetorian-go/internal/adapters/parsers/yaml_processor.go:153.73,154.17 1 0
github.com/syntropysoft/praetorian-go/internal/adapters/parsers/yaml_processor.go:154.17,156.3 1 0
github.com/syntropysoft/praetorian-go/internal/adapters/parsers/yaml_processor.go:158.2,158.29 1 0
github.com/syntropysoft/praetorian-go/internal/adapters/parsers/yaml_processor.go:158.29,159.28 1 0
github.com/syntropysoft/praetorian-go/internal/adapters/parsers/yaml_processor.go:160.31,161.15 1 0
github.com/syntropysoft/praetorian-go/internal/adapters/parsers/yaml_processor.go:162.22,163.18 1 0
github.com/syntropysoft/praetorian-go/internal/adapters/parsers/yaml_processor.go:163.18,165.5 1 0
github.com/syntropysoft/praetorian-go/internal/adapters/parsers/yaml_processor.go:169.2,169.14 1 0
