<?xml version="1.0" encoding="UTF-8"?>
<!DOCTYPE coverage SYSTEM "http://cobertura.sourceforge.net/xml/coverage-04.dtd">
<coverage line-rate="0.086288415" branch-rate="0" lines-covered="73" lines-valid="846" branches-covered="0" branches-valid="0" complexity="0" version="" timestamp="1759688567966">
	<packages>
		<package name="github.com/syntropysoft/praetorian-go/cmd/praetorian" line-rate="0" branch-rate="0" complexity="0" line-count="61" line-hits="0">
			<classes>
				<class name="-" filename="cmd/praetorian/main.go" line-rate="0" branch-rate="0" complexity="0" line-count="61" line-hits="0">
					<methods>
						<method name="@127:9" signature="" line-rate="0" branch-rate="0" complexity="0" line-count="0" line-hits="0">
							<lines>
								<line number="128" hits="0"></line>
								<line number="129" hits="0"></line>
								<line number="130" hits="0"></line>
								<line number="131" hits="0"></line>
								<line number="134" hits="0"></line>
								<line number="136" hits="0"></line>
							</lines>
						</method>
						<method name="@162:9" signature="" line-rate="0" branch-rate="0" complexity="0" line-count="0" line-hits="0">
							<lines>
								<line number="163" hits="0"></line>
								<line number="164" hits="0"></line>
								<line number="167" hits="0"></line>
								<line number="169" hits="0"></line>
							</lines>
						</method>
						<method name="@183:8" signature="" line-rate="0" branch-rate="0" complexity="0" line-count="0" line-hits="0">
							<lines>
								<line number="184" hits="0"></line>
								<line number="185" hits="0"></line>
								<line number="186" hits="0"></line>
								<line number="187" hits="0"></line>
							</lines>
						</method>
						<method name="@37:21" signature="" line-rate="0" branch-rate="0" complexity="0" line-count="0" line-hits="0">
							<lines>
								<line number="39" hits="0"></line>
								<line number="40" hits="0"></line>
							</lines>
						</method>
						<method name="@91:9" signature="" line-rate="0" branch-rate="0" complexity="0" line-count="0" line-hits="0">
							<lines>
								<line number="92" hits="0"></line>
								<line number="93" hits="0"></line>
								<line number="94" hits="0"></line>
								<line number="95" hits="0"></line>
								<line number="98" hits="0"></line>
								<line number="100" hits="0"></line>
							</lines>
						</method>
						<method name="main" signature="" line-rate="0" branch-rate="0" complexity="0" line-count="0" line-hits="0">
							<lines>
								<line number="19" hits="0"></line>
								<line number="46" hits="0"></line>
								<line number="49" hits="0"></line>
								<line number="50" hits="0"></line>
								<line number="51" hits="0"></line>
							</lines>
						</method>
						<method name="newAuditCommand" signature="" line-rate="0" branch-rate="0" complexity="0" line-count="0" line-hits="0">
							<lines>
								<line number="113" hits="0"></line>
								<line number="114" hits="0"></line>
								<line number="115" hits="0"></line>
								<line number="117" hits="0"></line>
								<line number="140" hits="0"></line>
								<line number="141" hits="0"></line>
								<line number="142" hits="0"></line>
								<line number="144" hits="0"></line>
							</lines>
						</method>
						<method name="newInitCommand" signature="" line-rate="0" branch-rate="0" complexity="0" line-count="0" line-hits="0">
							<lines>
								<line number="149" hits="0"></line>
								<line number="151" hits="0"></line>
								<line number="173" hits="0"></line>
								<line number="175" hits="0"></line>
							</lines>
						</method>
						<method name="newValidateCommand" signature="" line-rate="0" branch-rate="0" complexity="0" line-count="0" line-hits="0">
							<lines>
								<line number="74" hits="0"></line>
								<line number="75" hits="0"></line>
								<line number="76" hits="0"></line>
								<line number="78" hits="0"></line>
								<line number="104" hits="0"></line>
								<line number="105" hits="0"></line>
								<line number="106" hits="0"></line>
								<line number="108" hits="0"></line>
							</lines>
						</method>
						<method name="newVersionCommand" signature="" line-rate="0" branch-rate="0" complexity="0" line-count="0" line-hits="0">
							<lines>
								<line number="180" hits="0"></line>
								<line number="191" hits="0"></line>
							</lines>
						</method>
						<method name="showBanner" signature="" line-rate="0" branch-rate="0" complexity="0" line-count="0" line-hits="0">
							<lines>
								<line number="57" hits="0"></line>
								<line number="58" hits="0"></line>
								<line number="60" hits="0"></line>
								<line number="61" hits="0"></line>
								<line number="62" hits="0"></line>
								<line number="63" hits="0"></line>
								<line number="64" hits="0"></line>
								<line number="65" hits="0"></line>
								<line number="66" hits="0"></line>
								<line number="67" hits="0"></line>
								<line number="68" hits="0"></line>
								<line number="69" hits="0"></line>
							</lines>
						</method>
					</methods>
					<lines>
						<line number="19" hits="0"></line>
						<line number="39" hits="0"></line>
						<line number="40" hits="0"></line>
						<line number="46" hits="0"></line>
						<line number="49" hits="0"></line>
						<line number="50" hits="0"></line>
						<line number="51" hits="0"></line>
						<line number="57" hits="0"></line>
						<line number="58" hits="0"></line>
						<line number="60" hits="0"></line>
						<line number="61" hits="0"></line>
						<line number="62" hits="0"></line>
						<line number="63" hits="0"></line>
						<line number="64" hits="0"></line>
						<line number="65" hits="0"></line>
						<line number="66" hits="0"></line>
						<line number="67" hits="0"></line>
						<line number="68" hits="0"></line>
						<line number="69" hits="0"></line>
						<line number="74" hits="0"></line>
						<line number="75" hits="0"></line>
						<line number="76" hits="0"></line>
						<line number="78" hits="0"></line>
						<line number="92" hits="0"></line>
						<line number="93" hits="0"></line>
						<line number="94" hits="0"></line>
						<line number="95" hits="0"></line>
						<line number="98" hits="0"></line>
						<line number="100" hits="0"></line>
						<line number="104" hits="0"></line>
						<line number="105" hits="0"></line>
						<line number="106" hits="0"></line>
						<line number="108" hits="0"></line>
						<line number="113" hits="0"></line>
						<line number="114" hits="0"></line>
						<line number="115" hits="0"></line>
						<line number="117" hits="0"></line>
						<line number="128" hits="0"></line>
						<line number="129" hits="0"></line>
						<line number="130" hits="0"></line>
						<line number="131" hits="0"></line>
						<line number="134" hits="0"></line>
						<line number="136" hits="0"></line>
						<line number="140" hits="0"></line>
						<line number="141" hits="0"></line>
						<line number="142" hits="0"></line>
						<line number="144" hits="0"></line>
						<line number="149" hits="0"></line>
						<line number="151" hits="0"></line>
						<line number="163" hits="0"></line>
						<line number="164" hits="0"></line>
						<line number="167" hits="0"></line>
						<line number="169" hits="0"></line>
						<line number="173" hits="0"></line>
						<line number="175" hits="0"></line>
						<line number="180" hits="0"></line>
						<line number="184" hits="0"></line>
						<line number="185" hits="0"></line>
						<line number="186" hits="0"></line>
						<line number="187" hits="0"></line>
						<line number="191" hits="0"></line>
					</lines>
				</class>
			</classes>
		</package>
		<package name="github.com/syntropysoft/praetorian-go/internal/adapters/loaders" line-rate="0" branch-rate="0" complexity="0" line-count="108" line-hits="0">
			<classes>
				<class name="-" filename="internal/adapters/loaders/file_reader.go" line-rate="0" branch-rate="0" complexity="0" line-count="36" line-hits="0">
					<methods>
						<method name="NewLocalFileReader" signature="" line-rate="0" branch-rate="0" complexity="0" line-count="0" line-hits="0">
							<lines>
								<line number="21" hits="0"></line>
								<line number="23" hits="0"></line>
							</lines>
						</method>
						<method name="convertToAbsolutePath" signature="" line-rate="0" branch-rate="0" complexity="0" line-count="0" line-hits="0">
							<lines>
								<line number="55" hits="0"></line>
								<line number="56" hits="0"></line>
								<line number="57" hits="0"></line>
								<line number="59" hits="0"></line>
							</lines>
						</method>
						<method name="convertToRelativePaths" signature="" line-rate="0" branch-rate="0" complexity="0" line-count="0" line-hits="0">
							<lines>
								<line number="232" hits="0"></line>
								<line number="234" hits="0"></line>
								<line number="235" hits="0"></line>
								<line number="236" hits="0"></line>
								<line number="241" hits="0"></line>
							</lines>
						</method>
						<method name="findMatchingFiles" signature="" line-rate="0" branch-rate="0" complexity="0" line-count="0" line-hits="0">
							<lines>
								<line number="223" hits="0"></line>
								<line number="224" hits="0"></line>
								<line number="225" hits="0"></line>
								<line number="227" hits="0"></line>
							</lines>
						</method>
						<method name="getCurrentDirectory" signature="" line-rate="0" branch-rate="0" complexity="0" line-count="0" line-hits="0">
							<lines>
								<line number="46" hits="0"></line>
								<line number="47" hits="0"></line>
								<line number="48" hits="0"></line>
								<line number="50" hits="0"></line>
							</lines>
						</method>
						<method name="normalizeBasePath" signature="" line-rate="0" branch-rate="0" complexity="0" line-count="0" line-hits="0">
							<lines>
								<line number="31" hits="0"></line>
								<line number="32" hits="0"></line>
								<line number="36" hits="0"></line>
								<line number="37" hits="0"></line>
								<line number="41" hits="0"></line>
							</lines>
						</method>
						<method name="validateBasePath" signature="" line-rate="0" branch-rate="0" complexity="0" line-count="0" line-hits="0">
							<lines>
								<line number="176" hits="0"></line>
								<line number="177" hits="0"></line>
								<line number="179" hits="0"></line>
							</lines>
						</method>
						<method name="validateDirectoryExists" signature="" line-rate="0" branch-rate="0" complexity="0" line-count="0" line-hits="0">
							<lines>
								<line number="184" hits="0"></line>
								<line number="185" hits="0"></line>
								<line number="186" hits="0"></line>
								<line number="189" hits="0"></line>
								<line number="190" hits="0"></line>
								<line number="193" hits="0"></line>
							</lines>
						</method>
						<method name="validatePattern" signature="" line-rate="0" branch-rate="0" complexity="0" line-count="0" line-hits="0">
							<lines>
								<line number="215" hits="0"></line>
								<line number="216" hits="0"></line>
								<line number="218" hits="0"></line>
							</lines>
						</method>
					</methods>
					<lines>
						<line number="21" hits="0"></line>
						<line number="23" hits="0"></line>
						<line number="31" hits="0"></line>
						<line number="32" hits="0"></line>
						<line number="36" hits="0"></line>
						<line number="37" hits="0"></line>
						<line number="41" hits="0"></line>
						<line number="46" hits="0"></line>
						<line number="47" hits="0"></line>
						<line number="48" hits="0"></line>
						<line number="50" hits="0"></line>
						<line number="55" hits="0"></line>
						<line number="56" hits="0"></line>
						<line number="57" hits="0"></line>
						<line number="59" hits="0"></line>
						<line number="176" hits="0"></line>
						<line number="177" hits="0"></line>
						<line number="179" hits="0"></line>
						<line number="184" hits="0"></line>
						<line number="185" hits="0"></line>
						<line number="186" hits="0"></line>
						<line number="189" hits="0"></line>
						<line number="190" hits="0"></line>
						<line number="193" hits="0"></line>
						<line number="215" hits="0"></line>
						<line number="216" hits="0"></line>
						<line number="218" hits="0"></line>
						<line number="223" hits="0"></line>
						<line number="224" hits="0"></line>
						<line number="225" hits="0"></line>
						<line number="227" hits="0"></line>
						<line number="232" hits="0"></line>
						<line number="234" hits="0"></line>
						<line number="235" hits="0"></line>
						<line number="236" hits="0"></line>
						<line number="241" hits="0"></line>
					</lines>
				</class>
				<class name="LocalFileReader" filename="internal/adapters/loaders/file_reader.go" line-rate="0" branch-rate="0" complexity="0" line-count="72" line-hits="0">
					<methods>
						<method name="FileExists" signature="" line-rate="0" branch-rate="0" complexity="0" line-count="0" line-hits="0">
							<lines>
								<line number="87" hits="0"></line>
								<line number="88" hits="0"></line>
								<line number="91" hits="0"></line>
								<line number="92" hits="0"></line>
								<line number="93" hits="0"></line>
							</lines>
						</method>
						<method name="GetBasePath" signature="" line-rate="0" branch-rate="0" complexity="0" line-count="0" line-hits="0">
							<lines>
								<line number="154" hits="0"></line>
							</lines>
						</method>
						<method name="GetFileInfo" signature="" line-rate="0" branch-rate="0" complexity="0" line-count="0" line-hits="0">
							<lines>
								<line number="99" hits="0"></line>
								<line number="100" hits="0"></line>
								<line number="104" hits="0"></line>
								<line number="105" hits="0"></line>
								<line number="108" hits="0"></line>
								<line number="109" hits="0"></line>
								<line number="110" hits="0"></line>
								<line number="111" hits="0"></line>
								<line number="114" hits="0"></line>
							</lines>
						</method>
						<method name="GetFileModTime" signature="" line-rate="0" branch-rate="0" complexity="0" line-count="0" line-hits="0">
							<lines>
								<line number="284" hits="0"></line>
								<line number="285" hits="0"></line>
								<line number="289" hits="0"></line>
								<line number="290" hits="0"></line>
								<line number="293" hits="0"></line>
								<line number="294" hits="0"></line>
								<line number="295" hits="0"></line>
								<line number="296" hits="0"></line>
								<line number="299" hits="0"></line>
							</lines>
						</method>
						<method name="GetFileSize" signature="" line-rate="0" branch-rate="0" complexity="0" line-count="0" line-hits="0">
							<lines>
								<line number="263" hits="0"></line>
								<line number="264" hits="0"></line>
								<line number="268" hits="0"></line>
								<line number="269" hits="0"></line>
								<line number="272" hits="0"></line>
								<line number="273" hits="0"></line>
								<line number="274" hits="0"></line>
								<line number="275" hits="0"></line>
								<line number="278" hits="0"></line>
							</lines>
						</method>
						<method name="IsDirectory" signature="" line-rate="0" branch-rate="0" complexity="0" line-count="0" line-hits="0">
							<lines>
								<line number="247" hits="0"></line>
								<line number="248" hits="0"></line>
								<line number="251" hits="0"></line>
								<line number="252" hits="0"></line>
								<line number="253" hits="0"></line>
								<line number="254" hits="0"></line>
								<line number="257" hits="0"></line>
							</lines>
						</method>
						<method name="ListFiles" signature="" line-rate="0" branch-rate="0" complexity="0" line-count="0" line-hits="0">
							<lines>
								<line number="199" hits="0"></line>
								<line number="200" hits="0"></line>
								<line number="204" hits="0"></line>
								<line number="205" hits="0"></line>
								<line number="206" hits="0"></line>
								<line number="210" hits="0"></line>
							</lines>
						</method>
						<method name="ReadFile" signature="" line-rate="0" branch-rate="0" complexity="0" line-count="0" line-hits="0">
							<lines>
								<line number="65" hits="0"></line>
								<line number="66" hits="0"></line>
								<line number="70" hits="0"></line>
								<line number="71" hits="0"></line>
								<line number="75" hits="0"></line>
								<line number="76" hits="0"></line>
								<line number="77" hits="0"></line>
								<line number="78" hits="0"></line>
								<line number="81" hits="0"></line>
							</lines>
						</method>
						<method name="SetBasePath" signature="" line-rate="0" branch-rate="0" complexity="0" line-count="0" line-hits="0">
							<lines>
								<line number="160" hits="0"></line>
								<line number="161" hits="0"></line>
								<line number="165" hits="0"></line>
								<line number="166" hits="0"></line>
								<line number="170" hits="0"></line>
								<line number="171" hits="0"></line>
							</lines>
						</method>
						<method name="getFullPath" signature="" line-rate="0" branch-rate="0" complexity="0" line-count="0" line-hits="0">
							<lines>
								<line number="146" hits="0"></line>
								<line number="147" hits="0"></line>
								<line number="149" hits="0"></line>
							</lines>
						</method>
						<method name="validateFilename" signature="" line-rate="0" branch-rate="0" complexity="0" line-count="0" line-hits="0">
							<lines>
								<line number="124" hits="0"></line>
								<line number="125" hits="0"></line>
								<line number="129" hits="0"></line>
								<line number="130" hits="0"></line>
								<line number="134" hits="0"></line>
								<line number="136" hits="0"></line>
								<line number="137" hits="0"></line>
								<line number="141" hits="0"></line>
							</lines>
						</method>
					</methods>
					<lines>
						<line number="65" hits="0"></line>
						<line number="66" hits="0"></line>
						<line number="70" hits="0"></line>
						<line number="71" hits="0"></line>
						<line number="75" hits="0"></line>
						<line number="76" hits="0"></line>
						<line number="77" hits="0"></line>
						<line number="78" hits="0"></line>
						<line number="81" hits="0"></line>
						<line number="87" hits="0"></line>
						<line number="88" hits="0"></line>
						<line number="91" hits="0"></line>
						<line number="92" hits="0"></line>
						<line number="93" hits="0"></line>
						<line number="99" hits="0"></line>
						<line number="100" hits="0"></line>
						<line number="104" hits="0"></line>
						<line number="105" hits="0"></line>
						<line number="108" hits="0"></line>
						<line number="109" hits="0"></line>
						<line number="110" hits="0"></line>
						<line number="111" hits="0"></line>
						<line number="114" hits="0"></line>
						<line number="124" hits="0"></line>
						<line number="125" hits="0"></line>
						<line number="129" hits="0"></line>
						<line number="130" hits="0"></line>
						<line number="134" hits="0"></line>
						<line number="136" hits="0"></line>
						<line number="137" hits="0"></line>
						<line number="141" hits="0"></line>
						<line number="146" hits="0"></line>
						<line number="147" hits="0"></line>
						<line number="149" hits="0"></line>
						<line number="154" hits="0"></line>
						<line number="160" hits="0"></line>
						<line number="161" hits="0"></line>
						<line number="165" hits="0"></line>
						<line number="166" hits="0"></line>
						<line number="170" hits="0"></line>
						<line number="171" hits="0"></line>
						<line number="199" hits="0"></line>
						<line number="200" hits="0"></line>
						<line number="204" hits="0"></line>
						<line number="205" hits="0"></line>
						<line number="206" hits="0"></line>
						<line number="210" hits="0"></line>
						<line number="247" hits="0"></line>
						<line number="248" hits="0"></line>
						<line number="251" hits="0"></line>
						<line number="252" hits="0"></line>
						<line number="253" hits="0"></line>
						<line number="254" hits="0"></line>
						<line number="257" hits="0"></line>
						<line number="263" hits="0"></line>
						<line number="264" hits="0"></line>
						<line number="268" hits="0"></line>
						<line number="269" hits="0"></line>
						<line number="272" hits="0"></line>
						<line number="273" hits="0"></line>
						<line number="274" hits="0"></line>
						<line number="275" hits="0"></line>
						<line number="278" hits="0"></line>
						<line number="284" hits="0"></line>
						<line number="285" hits="0"></line>
						<line number="289" hits="0"></line>
						<line number="290" hits="0"></line>
						<line number="293" hits="0"></line>
						<line number="294" hits="0"></line>
						<line number="295" hits="0"></line>
						<line number="296" hits="0"></line>
						<line number="299" hits="0"></line>
					</lines>
				</class>
			</classes>
		</package>
		<package name="github.com/syntropysoft/praetorian-go/internal/adapters/parsers" line-rate="0.18863049" branch-rate="0" complexity="0" line-count="387" line-hits="73">
			<classes>
				<class name="-" filename="internal/adapters/parsers/common.go" line-rate="0.2638889" branch-rate="0" complexity="0" line-count="72" line-hits="19">
					<methods>
						<method name="GetFileExtension" signature="" line-rate="1" branch-rate="0" complexity="0" line-count="0" line-hits="0">
							<lines>
								<line number="46" hits="1"></line>
								<line number="47" hits="1"></line>
							</lines>
						</method>
						<method name="ValidateContextAndInput" signature="" line-rate="0.85714287" branch-rate="0" complexity="0" line-count="0" line-hits="0">
							<lines>
								<line number="27" hits="1"></line>
								<line number="28" hits="0"></line>
								<line number="32" hits="1"></line>
								<line number="33" hits="1"></line>
								<line number="37" hits="1"></line>
								<line number="38" hits="1"></line>
								<line number="41" hits="1"></line>
							</lines>
						</method>
						<method name="ValidateFilenameAndExtension" signature="" line-rate="1" branch-rate="0" complexity="0" line-count="0" line-hits="0">
							<lines>
								<line number="16" hits="1"></line>
								<line number="17" hits="1"></line>
								<line number="20" hits="1"></line>
								<line number="21" hits="1"></line>
							</lines>
						</method>
						<method name="copyExtensions" signature="" line-rate="1" branch-rate="0" complexity="0" line-count="0" line-hits="0">
							<lines>
								<line number="62" hits="1"></line>
								<line number="63" hits="1"></line>
								<line number="64" hits="1"></line>
							</lines>
						</method>
						<method name="countKeys" signature="" line-rate="0" branch-rate="0" complexity="0" line-count="0" line-hits="0">
							<lines>
								<line number="98" hits="0"></line>
								<line number="99" hits="0"></line>
								<line number="101" hits="0"></line>
							</lines>
						</method>
						<method name="createConfigData" signature="" line-rate="0" branch-rate="0" complexity="0" line-count="0" line-hits="0">
							<lines>
								<line number="69" hits="0"></line>
							</lines>
						</method>
						<method name="createEmptyResult" signature="" line-rate="0" branch-rate="0" complexity="0" line-count="0" line-hits="0">
							<lines>
								<line number="156" hits="0"></line>
							</lines>
						</method>
						<method name="createMetadata" signature="" line-rate="0" branch-rate="0" complexity="0" line-count="0" line-hits="0">
							<lines>
								<line number="80" hits="0"></line>
								<line number="88" hits="0"></line>
								<line number="89" hits="0"></line>
								<line number="90" hits="0"></line>
								<line number="93" hits="0"></line>
							</lines>
						</method>
						<method name="extractKeyValue" signature="" line-rate="0" branch-rate="0" complexity="0" line-count="0" line-hits="0">
							<lines>
								<line number="181" hits="0"></line>
								<line number="182" hits="0"></line>
								<line number="183" hits="0"></line>
							</lines>
						</method>
						<method name="findKeyValueSeparator" signature="" line-rate="0" branch-rate="0" complexity="0" line-count="0" line-hits="0">
							<lines>
								<line number="176" hits="0"></line>
							</lines>
						</method>
						<method name="hasNestedData" signature="" line-rate="0" branch-rate="0" complexity="0" line-count="0" line-hits="0">
							<lines>
								<line number="106" hits="0"></line>
								<line number="107" hits="0"></line>
								<line number="110" hits="0"></line>
								<line number="111" hits="0"></line>
								<line number="113" hits="0"></line>
								<line number="115" hits="0"></line>
								<line number="116" hits="0"></line>
								<line number="121" hits="0"></line>
							</lines>
						</method>
						<method name="isEmptyContent" signature="" line-rate="0" branch-rate="0" complexity="0" line-count="0" line-hits="0">
							<lines>
								<line number="151" hits="0"></line>
							</lines>
						</method>
						<method name="isEmptyLine" signature="" line-rate="0" branch-rate="0" complexity="0" line-count="0" line-hits="0">
							<lines>
								<line number="171" hits="0"></line>
							</lines>
						</method>
						<method name="isValidKey" signature="" line-rate="0" branch-rate="0" complexity="0" line-count="0" line-hits="0">
							<lines>
								<line number="188" hits="0"></line>
							</lines>
						</method>
						<method name="parseKeyValue" signature="" line-rate="0" branch-rate="0" complexity="0" line-count="0" line-hits="0">
							<lines>
								<line number="220" hits="0"></line>
								<line number="221" hits="0"></line>
								<line number="222" hits="0"></line>
								<line number="225" hits="0"></line>
								<line number="226" hits="0"></line>
							</lines>
						</method>
						<method name="parseKeyValueContent" signature="" line-rate="0" branch-rate="0" complexity="0" line-count="0" line-hits="0">
							<lines>
								<line number="194" hits="0"></line>
								<line number="195" hits="0"></line>
								<line number="198" hits="0"></line>
								<line number="199" hits="0"></line>
								<line number="201" hits="0"></line>
								<line number="202" hits="0"></line>
								<line number="205" hits="0"></line>
								<line number="206" hits="0"></line>
								<line number="210" hits="0"></line>
								<line number="211" hits="0"></line>
								<line number="215" hits="0"></line>
							</lines>
						</method>
						<method name="removeQuotes" signature="" line-rate="0" branch-rate="0" complexity="0" line-count="0" line-hits="0">
							<lines>
								<line number="127" hits="0"></line>
								<line number="128" hits="0"></line>
								<line number="132" hits="0"></line>
								<line number="133" hits="0"></line>
								<line number="137" hits="0"></line>
								<line number="138" hits="0"></line>
								<line number="142" hits="0"></line>
								<line number="143" hits="0"></line>
								<line number="146" hits="0"></line>
							</lines>
						</method>
						<method name="splitLines" signature="" line-rate="0" branch-rate="0" complexity="0" line-count="0" line-hits="0">
							<lines>
								<line number="161" hits="0"></line>
							</lines>
						</method>
						<method name="supportsExtension" signature="" line-rate="1" branch-rate="0" complexity="0" line-count="0" line-hits="0">
							<lines>
								<line number="52" hits="1"></line>
								<line number="53" hits="1"></line>
								<line number="54" hits="1"></line>
								<line number="57" hits="1"></line>
							</lines>
						</method>
						<method name="trimLine" signature="" line-rate="0" branch-rate="0" complexity="0" line-count="0" line-hits="0">
							<lines>
								<line number="166" hits="0"></line>
							</lines>
						</method>
					</methods>
					<lines>
						<line number="16" hits="1"></line>
						<line number="17" hits="1"></line>
						<line number="20" hits="1"></line>
						<line number="21" hits="1"></line>
						<line number="27" hits="1"></line>
						<line number="28" hits="0"></line>
						<line number="32" hits="1"></line>
						<line number="33" hits="1"></line>
						<line number="37" hits="1"></line>
						<line number="38" hits="1"></line>
						<line number="41" hits="1"></line>
						<line number="46" hits="1"></line>
						<line number="47" hits="1"></line>
						<line number="52" hits="1"></line>
						<line number="53" hits="1"></line>
						<line number="54" hits="1"></line>
						<line number="57" hits="1"></line>
						<line number="62" hits="1"></line>
						<line number="63" hits="1"></line>
						<line number="64" hits="1"></line>
						<line number="69" hits="0"></line>
						<line number="80" hits="0"></line>
						<line number="88" hits="0"></line>
						<line number="89" hits="0"></line>
						<line number="90" hits="0"></line>
						<line number="93" hits="0"></line>
						<line number="98" hits="0"></line>
						<line number="99" hits="0"></line>
						<line number="101" hits="0"></line>
						<line number="106" hits="0"></line>
						<line number="107" hits="0"></line>
						<line number="110" hits="0"></line>
						<line number="111" hits="0"></line>
						<line number="113" hits="0"></line>
						<line number="115" hits="0"></line>
						<line number="116" hits="0"></line>
						<line number="121" hits="0"></line>
						<line number="127" hits="0"></line>
						<line number="128" hits="0"></line>
						<line number="132" hits="0"></line>
						<line number="133" hits="0"></line>
						<line number="137" hits="0"></line>
						<line number="138" hits="0"></line>
						<line number="142" hits="0"></line>
						<line number="143" hits="0"></line>
						<line number="146" hits="0"></line>
						<line number="151" hits="0"></line>
						<line number="156" hits="0"></line>
						<line number="161" hits="0"></line>
						<line number="166" hits="0"></line>
						<line number="171" hits="0"></line>
						<line number="176" hits="0"></line>
						<line number="181" hits="0"></line>
						<line number="182" hits="0"></line>
						<line number="183" hits="0"></line>
						<line number="188" hits="0"></line>
						<line number="194" hits="0"></line>
						<line number="195" hits="0"></line>
						<line number="198" hits="0"></line>
						<line number="199" hits="0"></line>
						<line number="201" hits="0"></line>
						<line number="202" hits="0"></line>
						<line number="205" hits="0"></line>
						<line number="206" hits="0"></line>
						<line number="210" hits="0"></line>
						<line number="211" hits="0"></line>
						<line number="215" hits="0"></line>
						<line number="220" hits="0"></line>
						<line number="221" hits="0"></line>
						<line number="222" hits="0"></line>
						<line number="225" hits="0"></line>
						<line number="226" hits="0"></line>
					</lines>
				</class>
				<class name="-" filename="internal/adapters/parsers/env_processor.go" line-rate="0.2" branch-rate="0" complexity="0" line-count="5" line-hits="1">
					<methods>
						<method name="NewENVProcessor" signature="" line-rate="1" branch-rate="0" complexity="0" line-count="0" line-hits="0">
							<lines>
								<line number="18" hits="1"></line>
							</lines>
						</method>
						<method name="isENVComment" signature="" line-rate="0" branch-rate="0" complexity="0" line-count="0" line-hits="0">
							<lines>
								<line number="59" hits="0"></line>
							</lines>
						</method>
						<method name="parseENVContent" signature="" line-rate="0" branch-rate="0" complexity="0" line-count="0" line-hits="0">
							<lines>
								<line number="50" hits="0"></line>
								<line number="51" hits="0"></line>
								<line number="54" hits="0"></line>
							</lines>
						</method>
					</methods>
					<lines>
						<line number="18" hits="1"></line>
						<line number="50" hits="0"></line>
						<line number="51" hits="0"></line>
						<line number="54" hits="0"></line>
						<line number="59" hits="0"></line>
					</lines>
				</class>
				<class name="ENVProcessor" filename="internal/adapters/parsers/env_processor.go" line-rate="0.125" branch-rate="0" complexity="0" line-count="8" line-hits="1">
					<methods>
						<method name="CanProcess" signature="" line-rate="0" branch-rate="0" complexity="0" line-count="0" line-hits="0">
							<lines>
								<line number="25" hits="0"></line>
							</lines>
						</method>
						<method name="GetSupportedExtensions" signature="" line-rate="1" branch-rate="0" complexity="0" line-count="0" line-hits="0">
							<lines>
								<line number="44" hits="1"></line>
							</lines>
						</method>
						<method name="Process" signature="" line-rate="0" branch-rate="0" complexity="0" line-count="0" line-hits="0">
							<lines>
								<line number="30" hits="0"></line>
								<line number="31" hits="0"></line>
								<line number="34" hits="0"></line>
								<line number="35" hits="0"></line>
								<line number="36" hits="0"></line>
								<line number="39" hits="0"></line>
							</lines>
						</method>
					</methods>
					<lines>
						<line number="25" hits="0"></line>
						<line number="30" hits="0"></line>
						<line number="31" hits="0"></line>
						<line number="34" hits="0"></line>
						<line number="35" hits="0"></line>
						<line number="36" hits="0"></line>
						<line number="39" hits="0"></line>
						<line number="44" hits="1"></line>
					</lines>
				</class>
				<class name="-" filename="internal/adapters/parsers/hcl_processor.go" line-rate="0.14285715" branch-rate="0" complexity="0" line-count="7" line-hits="1">
					<methods>
						<method name="NewHCLProcessor" signature="" line-rate="1" branch-rate="0" complexity="0" line-count="0" line-hits="0">
							<lines>
								<line number="18" hits="1"></line>
							</lines>
						</method>
						<method name="parseHCLContent" signature="" line-rate="0" branch-rate="0" complexity="0" line-count="0" line-hits="0">
							<lines>
								<line number="50" hits="0"></line>
								<line number="51" hits="0"></line>
								<line number="54" hits="0"></line>
								<line number="56" hits="0"></line>
								<line number="57" hits="0"></line>
								<line number="60" hits="0"></line>
							</lines>
						</method>
					</methods>
					<lines>
						<line number="18" hits="1"></line>
						<line number="50" hits="0"></line>
						<line number="51" hits="0"></line>
						<line number="54" hits="0"></line>
						<line number="56" hits="0"></line>
						<line number="57" hits="0"></line>
						<line number="60" hits="0"></line>
					</lines>
				</class>
				<class name="HCLProcessor" filename="internal/adapters/parsers/hcl_processor.go" line-rate="0.125" branch-rate="0" complexity="0" line-count="8" line-hits="1">
					<methods>
						<method name="CanProcess" signature="" line-rate="0" branch-rate="0" complexity="0" line-count="0" line-hits="0">
							<lines>
								<line number="25" hits="0"></line>
							</lines>
						</method>
						<method name="GetSupportedExtensions" signature="" line-rate="1" branch-rate="0" complexity="0" line-count="0" line-hits="0">
							<lines>
								<line number="44" hits="1"></line>
							</lines>
						</method>
						<method name="Process" signature="" line-rate="0" branch-rate="0" complexity="0" line-count="0" line-hits="0">
							<lines>
								<line number="30" hits="0"></line>
								<line number="31" hits="0"></line>
								<line number="34" hits="0"></line>
								<line number="35" hits="0"></line>
								<line number="36" hits="0"></line>
								<line number="39" hits="0"></line>
							</lines>
						</method>
					</methods>
					<lines>
						<line number="25" hits="0"></line>
						<line number="30" hits="0"></line>
						<line number="31" hits="0"></line>
						<line number="34" hits="0"></line>
						<line number="35" hits="0"></line>
						<line number="36" hits="0"></line>
						<line number="39" hits="0"></line>
						<line number="44" hits="1"></line>
					</lines>
				</class>
				<class name="-" filename="internal/adapters/parsers/ini_processor.go" line-rate="0.032258064" branch-rate="0" complexity="0" line-count="31" line-hits="1">
					<methods>
						<method name="NewINIProcessor" signature="" line-rate="1" branch-rate="0" complexity="0" line-count="0" line-hits="0">
							<lines>
								<line number="18" hits="1"></line>
							</lines>
						</method>
						<method name="extractINISection" signature="" line-rate="0" branch-rate="0" complexity="0" line-count="0" line-hits="0">
							<lines>
								<line number="99" hits="0"></line>
							</lines>
						</method>
						<method name="isINIComment" signature="" line-rate="0" branch-rate="0" complexity="0" line-count="0" line-hits="0">
							<lines>
								<line number="89" hits="0"></line>
							</lines>
						</method>
						<method name="isINISection" signature="" line-rate="0" branch-rate="0" complexity="0" line-count="0" line-hits="0">
							<lines>
								<line number="94" hits="0"></line>
							</lines>
						</method>
						<method name="parseINIContent" signature="" line-rate="0" branch-rate="0" complexity="0" line-count="0" line-hits="0">
							<lines>
								<line number="50" hits="0"></line>
								<line number="51" hits="0"></line>
								<line number="54" hits="0"></line>
							</lines>
						</method>
						<method name="parseINIContentWithSections" signature="" line-rate="0" branch-rate="0" complexity="0" line-count="0" line-hits="0">
							<lines>
								<line number="59" hits="0"></line>
								<line number="60" hits="0"></line>
								<line number="61" hits="0"></line>
								<line number="63" hits="0"></line>
								<line number="64" hits="0"></line>
								<line number="67" hits="0"></line>
								<line number="68" hits="0"></line>
								<line number="72" hits="0"></line>
								<line number="73" hits="0"></line>
								<line number="74" hits="0"></line>
								<line number="75" hits="0"></line>
								<line number="79" hits="0"></line>
								<line number="80" hits="0"></line>
								<line number="84" hits="0"></line>
							</lines>
						</method>
						<method name="parseINIKeyValue" signature="" line-rate="0" branch-rate="0" complexity="0" line-count="0" line-hits="0">
							<lines>
								<line number="104" hits="0"></line>
								<line number="105" hits="0"></line>
								<line number="106" hits="0"></line>
								<line number="109" hits="0"></line>
								<line number="110" hits="0"></line>
							</lines>
						</method>
						<method name="setINIValue" signature="" line-rate="0" branch-rate="0" complexity="0" line-count="0" line-hits="0">
							<lines>
								<line number="115" hits="0"></line>
								<line number="117" hits="0"></line>
								<line number="118" hits="0"></line>
								<line number="119" hits="0"></line>
								<line number="122" hits="0"></line>
							</lines>
						</method>
					</methods>
					<lines>
						<line number="18" hits="1"></line>
						<line number="50" hits="0"></line>
						<line number="51" hits="0"></line>
						<line number="54" hits="0"></line>
						<line number="59" hits="0"></line>
						<line number="60" hits="0"></line>
						<line number="61" hits="0"></line>
						<line number="63" hits="0"></line>
						<line number="64" hits="0"></line>
						<line number="67" hits="0"></line>
						<line number="68" hits="0"></line>
						<line number="72" hits="0"></line>
						<line number="73" hits="0"></line>
						<line number="74" hits="0"></line>
						<line number="75" hits="0"></line>
						<line number="79" hits="0"></line>
						<line number="80" hits="0"></line>
						<line number="84" hits="0"></line>
						<line number="89" hits="0"></line>
						<line number="94" hits="0"></line>
						<line number="99" hits="0"></line>
						<line number="104" hits="0"></line>
						<line number="105" hits="0"></line>
						<line number="106" hits="0"></line>
						<line number="109" hits="0"></line>
						<line number="110" hits="0"></line>
						<line number="115" hits="0"></line>
						<line number="117" hits="0"></line>
						<line number="118" hits="0"></line>
						<line number="119" hits="0"></line>
						<line number="122" hits="0"></line>
					</lines>
				</class>
				<class name="INIProcessor" filename="internal/adapters/parsers/ini_processor.go" line-rate="0.125" branch-rate="0" complexity="0" line-count="8" line-hits="1">
					<methods>
						<method name="CanProcess" signature="" line-rate="0" branch-rate="0" complexity="0" line-count="0" line-hits="0">
							<lines>
								<line number="25" hits="0"></line>
							</lines>
						</method>
						<method name="GetSupportedExtensions" signature="" line-rate="1" branch-rate="0" complexity="0" line-count="0" line-hits="0">
							<lines>
								<line number="44" hits="1"></line>
							</lines>
						</method>
						<method name="Process" signature="" line-rate="0" branch-rate="0" complexity="0" line-count="0" line-hits="0">
							<lines>
								<line number="30" hits="0"></line>
								<line number="31" hits="0"></line>
								<line number="34" hits="0"></line>
								<line number="35" hits="0"></line>
								<line number="36" hits="0"></line>
								<line number="39" hits="0"></line>
							</lines>
						</method>
					</methods>
					<lines>
						<line number="25" hits="0"></line>
						<line number="30" hits="0"></line>
						<line number="31" hits="0"></line>
						<line number="34" hits="0"></line>
						<line number="35" hits="0"></line>
						<line number="36" hits="0"></line>
						<line number="39" hits="0"></line>
						<line number="44" hits="1"></line>
					</lines>
				</class>
				<class name="-" filename="internal/adapters/parsers/json_processor.go" line-rate="1" branch-rate="0" complexity="0" line-count="1" line-hits="1">
					<methods>
						<method name="NewJSONProcessor" signature="" line-rate="1" branch-rate="0" complexity="0" line-count="0" line-hits="0">
							<lines>
								<line number="21" hits="1"></line>
							</lines>
						</method>
					</methods>
					<lines>
						<line number="21" hits="1"></line>
					</lines>
				</class>
				<class name="JSONProcessor" filename="internal/adapters/parsers/json_processor.go" line-rate="0.056603774" branch-rate="0" complexity="0" line-count="53" line-hits="3">
					<methods>
						<method name="CanProcess" signature="" line-rate="0" branch-rate="0" complexity="0" line-count="0" line-hits="0">
							<lines>
								<line number="29" hits="0"></line>
								<line number="30" hits="0"></line>
								<line number="33" hits="0"></line>
								<line number="34" hits="0"></line>
							</lines>
						</method>
						<method name="GetSupportedExtensions" signature="" line-rate="1" branch-rate="0" complexity="0" line-count="0" line-hits="0">
							<lines>
								<line number="62" hits="1"></line>
								<line number="63" hits="1"></line>
								<line number="64" hits="1"></line>
							</lines>
						</method>
						<method name="Process" signature="" line-rate="0" branch-rate="0" complexity="0" line-count="0" line-hits="0">
							<lines>
								<line number="40" hits="0"></line>
								<line number="41" hits="0"></line>
								<line number="45" hits="0"></line>
								<line number="46" hits="0"></line>
								<line number="50" hits="0"></line>
								<line number="51" hits="0"></line>
								<line number="52" hits="0"></line>
								<line number="56" hits="0"></line>
							</lines>
						</method>
						<method name="countKeys" signature="" line-rate="0" branch-rate="0" complexity="0" line-count="0" line-hits="0">
							<lines>
								<line number="146" hits="0"></line>
								<line number="147" hits="0"></line>
								<line number="149" hits="0"></line>
							</lines>
						</method>
						<method name="createConfigData" signature="" line-rate="0" branch-rate="0" complexity="0" line-count="0" line-hits="0">
							<lines>
								<line number="89" hits="0"></line>
							</lines>
						</method>
						<method name="createMetadata" signature="" line-rate="0" branch-rate="0" complexity="0" line-count="0" line-hits="0">
							<lines>
								<line number="100" hits="0"></line>
								<line number="109" hits="0"></line>
								<line number="110" hits="0"></line>
								<line number="111" hits="0"></line>
								<line number="114" hits="0"></line>
							</lines>
						</method>
						<method name="getFileExtension" signature="" line-rate="0" branch-rate="0" complexity="0" line-count="0" line-hits="0">
							<lines>
								<line number="130" hits="0"></line>
								<line number="131" hits="0"></line>
							</lines>
						</method>
						<method name="hasNestedData" signature="" line-rate="0" branch-rate="0" complexity="0" line-count="0" line-hits="0">
							<lines>
								<line number="154" hits="0"></line>
								<line number="155" hits="0"></line>
								<line number="158" hits="0"></line>
								<line number="159" hits="0"></line>
								<line number="161" hits="0"></line>
								<line number="163" hits="0"></line>
								<line number="164" hits="0"></line>
								<line number="169" hits="0"></line>
							</lines>
						</method>
						<method name="isValidJSON" signature="" line-rate="0" branch-rate="0" complexity="0" line-count="0" line-hits="0">
							<lines>
								<line number="175" hits="0"></line>
								<line number="176" hits="0"></line>
							</lines>
						</method>
						<method name="parseJSON" signature="" line-rate="0" branch-rate="0" complexity="0" line-count="0" line-hits="0">
							<lines>
								<line number="70" hits="0"></line>
								<line number="71" hits="0"></line>
								<line number="74" hits="0"></line>
								<line number="75" hits="0"></line>
								<line number="76" hits="0"></line>
								<line number="80" hits="0"></line>
								<line number="81" hits="0"></line>
								<line number="84" hits="0"></line>
							</lines>
						</method>
						<method name="supportsExtension" signature="" line-rate="0" branch-rate="0" complexity="0" line-count="0" line-hits="0">
							<lines>
								<line number="136" hits="0"></line>
								<line number="137" hits="0"></line>
								<line number="138" hits="0"></line>
								<line number="141" hits="0"></line>
							</lines>
						</method>
						<method name="validateInput" signature="" line-rate="0" branch-rate="0" complexity="0" line-count="0" line-hits="0">
							<lines>
								<line number="119" hits="0"></line>
								<line number="120" hits="0"></line>
								<line number="122" hits="0"></line>
								<line number="123" hits="0"></line>
								<line number="125" hits="0"></line>
							</lines>
						</method>
					</methods>
					<lines>
						<line number="29" hits="0"></line>
						<line number="30" hits="0"></line>
						<line number="33" hits="0"></line>
						<line number="34" hits="0"></line>
						<line number="40" hits="0"></line>
						<line number="41" hits="0"></line>
						<line number="45" hits="0"></line>
						<line number="46" hits="0"></line>
						<line number="50" hits="0"></line>
						<line number="51" hits="0"></line>
						<line number="52" hits="0"></line>
						<line number="56" hits="0"></line>
						<line number="62" hits="1"></line>
						<line number="63" hits="1"></line>
						<line number="64" hits="1"></line>
						<line number="70" hits="0"></line>
						<line number="71" hits="0"></line>
						<line number="74" hits="0"></line>
						<line number="75" hits="0"></line>
						<line number="76" hits="0"></line>
						<line number="80" hits="0"></line>
						<line number="81" hits="0"></line>
						<line number="84" hits="0"></line>
						<line number="89" hits="0"></line>
						<line number="100" hits="0"></line>
						<line number="109" hits="0"></line>
						<line number="110" hits="0"></line>
						<line number="111" hits="0"></line>
						<line number="114" hits="0"></line>
						<line number="119" hits="0"></line>
						<line number="120" hits="0"></line>
						<line number="122" hits="0"></line>
						<line number="123" hits="0"></line>
						<line number="125" hits="0"></line>
						<line number="130" hits="0"></line>
						<line number="131" hits="0"></line>
						<line number="136" hits="0"></line>
						<line number="137" hits="0"></line>
						<line number="138" hits="0"></line>
						<line number="141" hits="0"></line>
						<line number="146" hits="0"></line>
						<line number="147" hits="0"></line>
						<line number="149" hits="0"></line>
						<line number="154" hits="0"></line>
						<line number="155" hits="0"></line>
						<line number="158" hits="0"></line>
						<line number="159" hits="0"></line>
						<line number="161" hits="0"></line>
						<line number="163" hits="0"></line>
						<line number="164" hits="0"></line>
						<line number="169" hits="0"></line>
						<line number="175" hits="0"></line>
						<line number="176" hits="0"></line>
					</lines>
				</class>
				<class name="-" filename="internal/adapters/parsers/parsers.go" line-rate="0.71428573" branch-rate="0" complexity="0" line-count="7" line-hits="5">
					<methods>
						<method name="RegisterAllProcessors" signature="" line-rate="0.71428573" branch-rate="0" complexity="0" line-count="0" line-hits="0">
							<lines>
								<line number="12" hits="1"></line>
								<line number="13" hits="0"></line>
								<line number="17" hits="1"></line>
								<line number="29" hits="1"></line>
								<line number="30" hits="1"></line>
								<line number="31" hits="0"></line>
								<line number="35" hits="1"></line>
							</lines>
						</method>
					</methods>
					<lines>
						<line number="12" hits="1"></line>
						<line number="13" hits="0"></line>
						<line number="17" hits="1"></line>
						<line number="29" hits="1"></line>
						<line number="30" hits="1"></line>
						<line number="31" hits="0"></line>
						<line number="35" hits="1"></line>
					</lines>
				</class>
				<class name="-" filename="internal/adapters/parsers/properties_processor.go" line-rate="0.2" branch-rate="0" complexity="0" line-count="5" line-hits="1">
					<methods>
						<method name="NewPropertiesProcessor" signature="" line-rate="1" branch-rate="0" complexity="0" line-count="0" line-hits="0">
							<lines>
								<line number="18" hits="1"></line>
							</lines>
						</method>
						<method name="isPropertiesComment" signature="" line-rate="0" branch-rate="0" complexity="0" line-count="0" line-hits="0">
							<lines>
								<line number="59" hits="0"></line>
							</lines>
						</method>
						<method name="parsePropertiesContent" signature="" line-rate="0" branch-rate="0" complexity="0" line-count="0" line-hits="0">
							<lines>
								<line number="50" hits="0"></line>
								<line number="51" hits="0"></line>
								<line number="54" hits="0"></line>
							</lines>
						</method>
					</methods>
					<lines>
						<line number="18" hits="1"></line>
						<line number="50" hits="0"></line>
						<line number="51" hits="0"></line>
						<line number="54" hits="0"></line>
						<line number="59" hits="0"></line>
					</lines>
				</class>
				<class name="PropertiesProcessor" filename="internal/adapters/parsers/properties_processor.go" line-rate="0.125" branch-rate="0" complexity="0" line-count="8" line-hits="1">
					<methods>
						<method name="CanProcess" signature="" line-rate="0" branch-rate="0" complexity="0" line-count="0" line-hits="0">
							<lines>
								<line number="25" hits="0"></line>
							</lines>
						</method>
						<method name="GetSupportedExtensions" signature="" line-rate="1" branch-rate="0" complexity="0" line-count="0" line-hits="0">
							<lines>
								<line number="44" hits="1"></line>
							</lines>
						</method>
						<method name="Process" signature="" line-rate="0" branch-rate="0" complexity="0" line-count="0" line-hits="0">
							<lines>
								<line number="30" hits="0"></line>
								<line number="31" hits="0"></line>
								<line number="34" hits="0"></line>
								<line number="35" hits="0"></line>
								<line number="36" hits="0"></line>
								<line number="39" hits="0"></line>
							</lines>
						</method>
					</methods>
					<lines>
						<line number="25" hits="0"></line>
						<line number="30" hits="0"></line>
						<line number="31" hits="0"></line>
						<line number="34" hits="0"></line>
						<line number="35" hits="0"></line>
						<line number="36" hits="0"></line>
						<line number="39" hits="0"></line>
						<line number="44" hits="1"></line>
					</lines>
				</class>
				<class name="-" filename="internal/adapters/parsers/registry.go" line-rate="0.3" branch-rate="0" complexity="0" line-count="10" line-hits="3">
					<methods>
						<method name="CreateDefaultRegistry" signature="" line-rate="0" branch-rate="0" complexity="0" line-count="0" line-hits="0">
							<lines>
								<line number="164" hits="0"></line>
								<line number="167" hits="0"></line>
								<line number="178" hits="0"></line>
								<line number="179" hits="0"></line>
								<line number="180" hits="0"></line>
								<line number="184" hits="0"></line>
							</lines>
						</method>
						<method name="NewParserRegistry" signature="" line-rate="0.75" branch-rate="0" complexity="0" line-count="0" line-hits="0">
							<lines>
								<line number="19" hits="1"></line>
								<line number="25" hits="1"></line>
								<line number="26" hits="0"></line>
								<line number="29" hits="1"></line>
							</lines>
						</method>
					</methods>
					<lines>
						<line number="19" hits="1"></line>
						<line number="25" hits="1"></line>
						<line number="26" hits="0"></line>
						<line number="29" hits="1"></line>
						<line number="164" hits="0"></line>
						<line number="167" hits="0"></line>
						<line number="178" hits="0"></line>
						<line number="179" hits="0"></line>
						<line number="180" hits="0"></line>
						<line number="184" hits="0"></line>
					</lines>
				</class>
				<class name="ParserRegistry" filename="internal/adapters/parsers/registry.go" line-rate="0.52" branch-rate="0" complexity="0" line-count="50" line-hits="26">
					<methods>
						<method name="GetAllProcessors" signature="" line-rate="0" branch-rate="0" complexity="0" line-count="0" line-hits="0">
							<lines>
								<line number="98" hits="0"></line>
								<line number="99" hits="0"></line>
								<line number="100" hits="0"></line>
							</lines>
						</method>
						<method name="GetProcessor" signature="" line-rate="0.7777778" branch-rate="0" complexity="0" line-count="0" line-hits="0">
							<lines>
								<line number="58" hits="1"></line>
								<line number="59" hits="0"></line>
								<line number="63" hits="1"></line>
								<line number="64" hits="1"></line>
								<line number="65" hits="0"></line>
								<line number="69" hits="1"></line>
								<line number="70" hits="1"></line>
								<line number="71" hits="1"></line>
								<line number="74" hits="1"></line>
							</lines>
						</method>
						<method name="GetProcessorByExtension" signature="" line-rate="0" branch-rate="0" complexity="0" line-count="0" line-hits="0">
							<lines>
								<line number="80" hits="0"></line>
								<line number="81" hits="0"></line>
								<line number="85" hits="0"></line>
								<line number="87" hits="0"></line>
								<line number="88" hits="0"></line>
								<line number="89" hits="0"></line>
								<line number="92" hits="0"></line>
							</lines>
						</method>
						<method name="GetProcessorCount" signature="" line-rate="0" branch-rate="0" complexity="0" line-count="0" line-hits="0">
							<lines>
								<line number="121" hits="0"></line>
							</lines>
						</method>
						<method name="GetSupportedExtensions" signature="" line-rate="0" branch-rate="0" complexity="0" line-count="0" line-hits="0">
							<lines>
								<line number="105" hits="0"></line>
								<line number="106" hits="0"></line>
								<line number="107" hits="0"></line>
								<line number="109" hits="0"></line>
							</lines>
						</method>
						<method name="HasProcessor" signature="" line-rate="0" branch-rate="0" complexity="0" line-count="0" line-hits="0">
							<lines>
								<line number="114" hits="0"></line>
								<line number="115" hits="0"></line>
								<line number="116" hits="0"></line>
							</lines>
						</method>
						<method name="RegisterProcessor" signature="" line-rate="0.75" branch-rate="0" complexity="0" line-count="0" line-hits="0">
							<lines>
								<line number="35" hits="1"></line>
								<line number="36" hits="0"></line>
								<line number="40" hits="1"></line>
								<line number="41" hits="0"></line>
								<line number="45" hits="1"></line>
								<line number="48" hits="1"></line>
								<line number="49" hits="1"></line>
								<line number="52" hits="1"></line>
							</lines>
						</method>
						<method name="getFileExtension" signature="" line-rate="1" branch-rate="0" complexity="0" line-count="0" line-hits="0">
							<lines>
								<line number="152" hits="1"></line>
								<line number="153" hits="1"></line>
							</lines>
						</method>
						<method name="hasExtensionOverlap" signature="" line-rate="0.8" branch-rate="0" complexity="0" line-count="0" line-hits="0">
							<lines>
								<line number="140" hits="1"></line>
								<line number="141" hits="1"></line>
								<line number="142" hits="1"></line>
								<line number="143" hits="0"></line>
								<line number="147" hits="1"></line>
							</lines>
						</method>
						<method name="normalizeExtension" signature="" line-rate="1" branch-rate="0" complexity="0" line-count="0" line-hits="0">
							<lines>
								<line number="158" hits="1"></line>
								<line number="159" hits="1"></line>
							</lines>
						</method>
						<method name="validateNoConflicts" signature="" line-rate="0.8333333" branch-rate="0" complexity="0" line-count="0" line-hits="0">
							<lines>
								<line number="126" hits="1"></line>
								<line number="128" hits="1"></line>
								<line number="129" hits="1"></line>
								<line number="130" hits="1"></line>
								<line number="131" hits="0"></line>
								<line number="135" hits="1"></line>
							</lines>
						</method>
					</methods>
					<lines>
						<line number="35" hits="1"></line>
						<line number="36" hits="0"></line>
						<line number="40" hits="1"></line>
						<line number="41" hits="0"></line>
						<line number="45" hits="1"></line>
						<line number="48" hits="1"></line>
						<line number="49" hits="1"></line>
						<line number="52" hits="1"></line>
						<line number="58" hits="1"></line>
						<line number="59" hits="0"></line>
						<line number="63" hits="1"></line>
						<line number="64" hits="1"></line>
						<line number="65" hits="0"></line>
						<line number="69" hits="1"></line>
						<line number="70" hits="1"></line>
						<line number="71" hits="1"></line>
						<line number="74" hits="1"></line>
						<line number="80" hits="0"></line>
						<line number="81" hits="0"></line>
						<line number="85" hits="0"></line>
						<line number="87" hits="0"></line>
						<line number="88" hits="0"></line>
						<line number="89" hits="0"></line>
						<line number="92" hits="0"></line>
						<line number="98" hits="0"></line>
						<line number="99" hits="0"></line>
						<line number="100" hits="0"></line>
						<line number="105" hits="0"></line>
						<line number="106" hits="0"></line>
						<line number="107" hits="0"></line>
						<line number="109" hits="0"></line>
						<line number="114" hits="0"></line>
						<line number="115" hits="0"></line>
						<line number="116" hits="0"></line>
						<line number="121" hits="0"></line>
						<line number="126" hits="1"></line>
						<line number="128" hits="1"></line>
						<line number="129" hits="1"></line>
						<line number="130" hits="1"></line>
						<line number="131" hits="0"></line>
						<line number="135" hits="1"></line>
						<line number="140" hits="1"></line>
						<line number="141" hits="1"></line>
						<line number="142" hits="1"></line>
						<line number="143" hits="0"></line>
						<line number="147" hits="1"></line>
						<line number="152" hits="1"></line>
						<line number="153" hits="1"></line>
						<line number="158" hits="1"></line>
						<line number="159" hits="1"></line>
					</lines>
				</class>
				<class name="MockFileProcessor" filename="internal/adapters/parsers/test_interfaces.go" line-rate="0" branch-rate="0" complexity="0" line-count="12" line-hits="0">
					<methods>
						<method name="CanProcess" signature="" line-rate="0" branch-rate="0" complexity="0" line-count="0" line-hits="0">
							<lines>
								<line number="19" hits="0"></line>
								<line number="20" hits="0"></line>
								<line number="21" hits="0"></line>
								<line number="23" hits="0"></line>
							</lines>
						</method>
						<method name="GetSupportedExtensions" signature="" line-rate="0" branch-rate="0" complexity="0" line-count="0" line-hits="0">
							<lines>
								<line number="38" hits="0"></line>
								<line number="39" hits="0"></line>
								<line number="41" hits="0"></line>
								<line number="42" hits="0"></line>
								<line number="44" hits="0"></line>
							</lines>
						</method>
						<method name="Process" signature="" line-rate="0" branch-rate="0" complexity="0" line-count="0" line-hits="0">
							<lines>
								<line number="27" hits="0"></line>
								<line number="28" hits="0"></line>
								<line number="30" hits="0"></line>
							</lines>
						</method>
					</methods>
					<lines>
						<line number="19" hits="0"></line>
						<line number="20" hits="0"></line>
						<line number="21" hits="0"></line>
						<line number="23" hits="0"></line>
						<line number="27" hits="0"></line>
						<line number="28" hits="0"></line>
						<line number="30" hits="0"></line>
						<line number="38" hits="0"></line>
						<line number="39" hits="0"></line>
						<line number="41" hits="0"></line>
						<line number="42" hits="0"></line>
						<line number="44" hits="0"></line>
					</lines>
				</class>
				<class name="MockFileReader" filename="internal/adapters/parsers/test_interfaces.go" line-rate="0" branch-rate="0" complexity="0" line-count="7" line-hits="0">
					<methods>
						<method name="ReadFile" signature="" line-rate="0" branch-rate="0" complexity="0" line-count="0" line-hits="0">
							<lines>
								<line number="55" hits="0"></line>
								<line number="56" hits="0"></line>
								<line number="57" hits="0"></line>
								<line number="59" hits="0"></line>
								<line number="60" hits="0"></line>
								<line number="61" hits="0"></line>
								<line number="64" hits="0"></line>
							</lines>
						</method>
					</methods>
					<lines>
						<line number="55" hits="0"></line>
						<line number="56" hits="0"></line>
						<line number="57" hits="0"></line>
						<line number="59" hits="0"></line>
						<line number="60" hits="0"></line>
						<line number="61" hits="0"></line>
						<line number="64" hits="0"></line>
					</lines>
				</class>
				<class name="TestHelper" filename="internal/adapters/parsers/test_interfaces.go" line-rate="0" branch-rate="0" complexity="0" line-count="9" line-hits="0">
					<methods>
						<method name="CreateTestConfigData" signature="" line-rate="0" branch-rate="0" complexity="0" line-count="0" line-hits="0">
							<lines>
								<line number="92" hits="0"></line>
							</lines>
						</method>
						<method name="CreateTestContent" signature="" line-rate="0" branch-rate="0" complexity="0" line-count="0" line-hits="0">
							<lines>
								<line number="72" hits="0"></line>
								<line number="74" hits="0"></line>
								<line number="76" hits="0"></line>
								<line number="78" hits="0"></line>
								<line number="80" hits="0"></line>
								<line number="82" hits="0"></line>
								<line number="84" hits="0"></line>
								<line number="86" hits="0"></line>
							</lines>
						</method>
					</methods>
					<lines>
						<line number="72" hits="0"></line>
						<line number="74" hits="0"></line>
						<line number="76" hits="0"></line>
						<line number="78" hits="0"></line>
						<line number="80" hits="0"></line>
						<line number="82" hits="0"></line>
						<line number="84" hits="0"></line>
						<line number="86" hits="0"></line>
						<line number="92" hits="0"></line>
					</lines>
				</class>
				<class name="-" filename="internal/adapters/parsers/toml_processor.go" line-rate="0.11111111" branch-rate="0" complexity="0" line-count="9" line-hits="1">
					<methods>
						<method name="NewTOMLProcessor" signature="" line-rate="1" branch-rate="0" complexity="0" line-count="0" line-hits="0">
							<lines>
								<line number="19" hits="1"></line>
							</lines>
						</method>
						<method name="parseTOMLContent" signature="" line-rate="0" branch-rate="0" complexity="0" line-count="0" line-hits="0">
							<lines>
								<line number="50" hits="0"></line>
								<line number="51" hits="0"></line>
								<line number="54" hits="0"></line>
								<line number="55" hits="0"></line>
								<line number="56" hits="0"></line>
								<line number="59" hits="0"></line>
								<line number="60" hits="0"></line>
								<line number="63" hits="0"></line>
							</lines>
						</method>
					</methods>
					<lines>
						<line number="19" hits="1"></line>
						<line number="50" hits="0"></line>
						<line number="51" hits="0"></line>
						<line number="54" hits="0"></line>
						<line number="55" hits="0"></line>
						<line number="56" hits="0"></line>
						<line number="59" hits="0"></line>
						<line number="60" hits="0"></line>
						<line number="63" hits="0"></line>
					</lines>
				</class>
				<class name="TOMLProcessor" filename="internal/adapters/parsers/toml_processor.go" line-rate="0.125" branch-rate="0" complexity="0" line-count="8" line-hits="1">
					<methods>
						<method name="CanProcess" signature="" line-rate="0" branch-rate="0" complexity="0" line-count="0" line-hits="0">
							<lines>
								<line number="26" hits="0"></line>
							</lines>
						</method>
						<method name="GetSupportedExtensions" signature="" line-rate="1" branch-rate="0" complexity="0" line-count="0" line-hits="0">
							<lines>
								<line number="45" hits="1"></line>
							</lines>
						</method>
						<method name="Process" signature="" line-rate="0" branch-rate="0" complexity="0" line-count="0" line-hits="0">
							<lines>
								<line number="31" hits="0"></line>
								<line number="32" hits="0"></line>
								<line number="35" hits="0"></line>
								<line number="36" hits="0"></line>
								<line number="37" hits="0"></line>
								<line number="40" hits="0"></line>
							</lines>
						</method>
					</methods>
					<lines>
						<line number="26" hits="0"></line>
						<line number="31" hits="0"></line>
						<line number="32" hits="0"></line>
						<line number="35" hits="0"></line>
						<line number="36" hits="0"></line>
						<line number="37" hits="0"></line>
						<line number="40" hits="0"></line>
						<line number="45" hits="1"></line>
					</lines>
				</class>
				<class name="-" filename="internal/adapters/parsers/xml_processor.go" line-rate="0.11111111" branch-rate="0" complexity="0" line-count="9" line-hits="1">
					<methods>
						<method name="NewXMLProcessor" signature="" line-rate="1" branch-rate="0" complexity="0" line-count="0" line-hits="0">
							<lines>
								<line number="19" hits="1"></line>
							</lines>
						</method>
						<method name="parseXMLContent" signature="" line-rate="0" branch-rate="0" complexity="0" line-count="0" line-hits="0">
							<lines>
								<line number="51" hits="0"></line>
								<line number="52" hits="0"></line>
								<line number="55" hits="0"></line>
								<line number="56" hits="0"></line>
								<line number="57" hits="0"></line>
								<line number="58" hits="0"></line>
								<line number="59" hits="0"></line>
								<line number="62" hits="0"></line>
							</lines>
						</method>
					</methods>
					<lines>
						<line number="19" hits="1"></line>
						<line number="51" hits="0"></line>
						<line number="52" hits="0"></line>
						<line number="55" hits="0"></line>
						<line number="56" hits="0"></line>
						<line number="57" hits="0"></line>
						<line number="58" hits="0"></line>
						<line number="59" hits="0"></line>
						<line number="62" hits="0"></line>
					</lines>
				</class>
				<class name="XMLProcessor" filename="internal/adapters/parsers/xml_processor.go" line-rate="0.125" branch-rate="0" complexity="0" line-count="8" line-hits="1">
					<methods>
						<method name="CanProcess" signature="" line-rate="0" branch-rate="0" complexity="0" line-count="0" line-hits="0">
							<lines>
								<line number="26" hits="0"></line>
							</lines>
						</method>
						<method name="GetSupportedExtensions" signature="" line-rate="1" branch-rate="0" complexity="0" line-count="0" line-hits="0">
							<lines>
								<line number="45" hits="1"></line>
							</lines>
						</method>
						<method name="Process" signature="" line-rate="0" branch-rate="0" complexity="0" line-count="0" line-hits="0">
							<lines>
								<line number="31" hits="0"></line>
								<line number="32" hits="0"></line>
								<line number="35" hits="0"></line>
								<line number="36" hits="0"></line>
								<line number="37" hits="0"></line>
								<line number="40" hits="0"></line>
							</lines>
						</method>
					</methods>
					<lines>
						<line number="26" hits="0"></line>
						<line number="31" hits="0"></line>
						<line number="32" hits="0"></line>
						<line number="35" hits="0"></line>
						<line number="36" hits="0"></line>
						<line number="37" hits="0"></line>
						<line number="40" hits="0"></line>
						<line number="45" hits="1"></line>
					</lines>
				</class>
				<class name="-" filename="internal/adapters/parsers/yaml_processor.go" line-rate="1" branch-rate="0" complexity="0" line-count="1" line-hits="1">
					<methods>
						<method name="NewYAMLProcessor" signature="" line-rate="1" branch-rate="0" complexity="0" line-count="0" line-hits="0">
							<lines>
								<line number="22" hits="1"></line>
							</lines>
						</method>
					</methods>
					<lines>
						<line number="22" hits="1"></line>
					</lines>
				</class>
				<class name="YAMLProcessor" filename="internal/adapters/parsers/yaml_processor.go" line-rate="0.05882353" branch-rate="0" complexity="0" line-count="51" line-hits="3">
					<methods>
						<method name="CanProcess" signature="" line-rate="0" branch-rate="0" complexity="0" line-count="0" line-hits="0">
							<lines>
								<line number="30" hits="0"></line>
								<line number="31" hits="0"></line>
								<line number="34" hits="0"></line>
								<line number="35" hits="0"></line>
							</lines>
						</method>
						<method name="GetSupportedExtensions" signature="" line-rate="1" branch-rate="0" complexity="0" line-count="0" line-hits="0">
							<lines>
								<line number="63" hits="1"></line>
								<line number="64" hits="1"></line>
								<line number="65" hits="1"></line>
							</lines>
						</method>
						<method name="Process" signature="" line-rate="0" branch-rate="0" complexity="0" line-count="0" line-hits="0">
							<lines>
								<line number="41" hits="0"></line>
								<line number="42" hits="0"></line>
								<line number="46" hits="0"></line>
								<line number="47" hits="0"></line>
								<line number="51" hits="0"></line>
								<line number="52" hits="0"></line>
								<line number="53" hits="0"></line>
								<line number="57" hits="0"></line>
							</lines>
						</method>
						<method name="countKeys" signature="" line-rate="0" branch-rate="0" complexity="0" line-count="0" line-hits="0">
							<lines>
								<line number="146" hits="0"></line>
								<line number="147" hits="0"></line>
								<line number="149" hits="0"></line>
							</lines>
						</method>
						<method name="createConfigData" signature="" line-rate="0" branch-rate="0" complexity="0" line-count="0" line-hits="0">
							<lines>
								<line number="90" hits="0"></line>
							</lines>
						</method>
						<method name="createMetadata" signature="" line-rate="0" branch-rate="0" complexity="0" line-count="0" line-hits="0">
							<lines>
								<line number="101" hits="0"></line>
								<line number="109" hits="0"></line>
								<line number="110" hits="0"></line>
								<line number="111" hits="0"></line>
								<line number="114" hits="0"></line>
							</lines>
						</method>
						<method name="getFileExtension" signature="" line-rate="0" branch-rate="0" complexity="0" line-count="0" line-hits="0">
							<lines>
								<line number="130" hits="0"></line>
								<line number="131" hits="0"></line>
							</lines>
						</method>
						<method name="hasNestedData" signature="" line-rate="0" branch-rate="0" complexity="0" line-count="0" line-hits="0">
							<lines>
								<line number="154" hits="0"></line>
								<line number="155" hits="0"></line>
								<line number="158" hits="0"></line>
								<line number="159" hits="0"></line>
								<line number="161" hits="0"></line>
								<line number="163" hits="0"></line>
								<line number="164" hits="0"></line>
								<line number="169" hits="0"></line>
							</lines>
						</method>
						<method name="parseYAML" signature="" line-rate="0" branch-rate="0" complexity="0" line-count="0" line-hits="0">
							<lines>
								<line number="71" hits="0"></line>
								<line number="72" hits="0"></line>
								<line number="75" hits="0"></line>
								<line number="76" hits="0"></line>
								<line number="77" hits="0"></line>
								<line number="81" hits="0"></line>
								<line number="82" hits="0"></line>
								<line number="85" hits="0"></line>
							</lines>
						</method>
						<method name="supportsExtension" signature="" line-rate="0" branch-rate="0" complexity="0" line-count="0" line-hits="0">
							<lines>
								<line number="136" hits="0"></line>
								<line number="137" hits="0"></line>
								<line number="138" hits="0"></line>
								<line number="141" hits="0"></line>
							</lines>
						</method>
						<method name="validateInput" signature="" line-rate="0" branch-rate="0" complexity="0" line-count="0" line-hits="0">
							<lines>
								<line number="119" hits="0"></line>
								<line number="120" hits="0"></line>
								<line number="122" hits="0"></line>
								<line number="123" hits="0"></line>
								<line number="125" hits="0"></line>
							</lines>
						</method>
					</methods>
					<lines>
						<line number="30" hits="0"></line>
						<line number="31" hits="0"></line>
						<line number="34" hits="0"></line>
						<line number="35" hits="0"></line>
						<line number="41" hits="0"></line>
						<line number="42" hits="0"></line>
						<line number="46" hits="0"></line>
						<line number="47" hits="0"></line>
						<line number="51" hits="0"></line>
						<line number="52" hits="0"></line>
						<line number="53" hits="0"></line>
						<line number="57" hits="0"></line>
						<line number="63" hits="1"></line>
						<line number="64" hits="1"></line>
						<line number="65" hits="1"></line>
						<line number="71" hits="0"></line>
						<line number="72" hits="0"></line>
						<line number="75" hits="0"></line>
						<line number="76" hits="0"></line>
						<line number="77" hits="0"></line>
						<line number="81" hits="0"></line>
						<line number="82" hits="0"></line>
						<line number="85" hits="0"></line>
						<line number="90" hits="0"></line>
						<line number="101" hits="0"></line>
						<line number="109" hits="0"></line>
						<line number="110" hits="0"></line>
						<line number="111" hits="0"></line>
						<line number="114" hits="0"></line>
						<line number="119" hits="0"></line>
						<line number="120" hits="0"></line>
						<line number="122" hits="0"></line>
						<line number="123" hits="0"></line>
						<line number="125" hits="0"></line>
						<line number="130" hits="0"></line>
						<line number="131" hits="0"></line>
						<line number="136" hits="0"></line>
						<line number="137" hits="0"></line>
						<line number="138" hits="0"></line>
						<line number="141" hits="0"></line>
						<line number="146" hits="0"></line>
						<line number="147" hits="0"></line>
						<line number="149" hits="0"></line>
						<line number="154" hits="0"></line>
						<line number="155" hits="0"></line>
						<line number="158" hits="0"></line>
						<line number="159" hits="0"></line>
						<line number="161" hits="0"></line>
						<line number="163" hits="0"></line>
						<line number="164" hits="0"></line>
						<line number="169" hits="0"></line>
					</lines>
				</class>
			</classes>
		</package>
		<package name="github.com/syntropysoft/praetorian-go/internal/cli" line-rate="0" branch-rate="0" complexity="0" line-count="155" line-hits="0">
			<classes>
				<class name="-" filename="internal/cli/audit.go" line-rate="0" branch-rate="0" complexity="0" line-count="40" line-hits="0">
					<methods>
						<method name="NewAuditCommand" signature="" line-rate="0" branch-rate="0" complexity="0" line-count="0" line-hits="0">
							<lines>
								<line number="11" hits="0"></line>
								<line number="25" hits="0"></line>
								<line number="26" hits="0"></line>
								<line number="27" hits="0"></line>
								<line number="29" hits="0"></line>
							</lines>
						</method>
						<method name="displayAuditInfo" signature="" line-rate="0" branch-rate="0" complexity="0" line-count="0" line-hits="0">
							<lines>
								<line number="124" hits="0"></line>
								<line number="125" hits="0"></line>
								<line number="126" hits="0"></line>
							</lines>
						</method>
						<method name="executeAudit" signature="" line-rate="0" branch-rate="0" complexity="0" line-count="0" line-hits="0">
							<lines>
								<line number="109" hits="0"></line>
								<line number="110" hits="0"></line>
								<line number="114" hits="0"></line>
								<line number="117" hits="0"></line>
								<line number="119" hits="0"></line>
							</lines>
						</method>
						<method name="extractAuditFlags" signature="" line-rate="0" branch-rate="0" complexity="0" line-count="0" line-hits="0">
							<lines>
								<line number="58" hits="0"></line>
								<line number="59" hits="0"></line>
								<line number="60" hits="0"></line>
								<line number="63" hits="0"></line>
								<line number="64" hits="0"></line>
								<line number="65" hits="0"></line>
								<line number="68" hits="0"></line>
								<line number="69" hits="0"></line>
								<line number="70" hits="0"></line>
								<line number="74" hits="0"></line>
								<line number="75" hits="0"></line>
								<line number="79" hits="0"></line>
								<line number="80" hits="0"></line>
								<line number="84" hits="0"></line>
								<line number="85" hits="0"></line>
								<line number="88" hits="0"></line>
							</lines>
						</method>
						<method name="runAudit" signature="" line-rate="0" branch-rate="0" complexity="0" line-count="0" line-hits="0">
							<lines>
								<line number="35" hits="0"></line>
								<line number="36" hits="0"></line>
								<line number="40" hits="0"></line>
								<line number="41" hits="0"></line>
								<line number="42" hits="0"></line>
								<line number="46" hits="0"></line>
							</lines>
						</method>
						<method name="validateAuditType" signature="" line-rate="0" branch-rate="0" complexity="0" line-count="0" line-hits="0">
							<lines>
								<line number="97" hits="0"></line>
								<line number="98" hits="0"></line>
[...]
						<line number="8" hits="0"></line>
						<line number="10" hits="0"></line>
						<line number="15" hits="0"></line>
						<line number="16" hits="0"></line>
						<line number="17" hits="0"></line>
						<line number="18" hits="0"></line>
						<line number="21" hits="0"></line>
					</lines>
				</class>
				<class name="-" filename="internal/cli/version.go" line-rate="0" branch-rate="0" complexity="0" line-count="6" line-hits="0">
					<methods>
						<method name="NewVersionCommand" signature="" line-rate="0" branch-rate="0" complexity="0" line-count="0" line-hits="0">
							<lines>
								<line number="11" hits="0"></line>
							</lines>
						</method>
						<method name="displayVersionInfo" signature="" line-rate="0" branch-rate="0" complexity="0" line-count="0" line-hits="0">
							<lines>
								<line number="25" hits="0"></line>
								<line number="26" hits="0"></line>
								<line number="27" hits="0"></line>
								<line number="28" hits="0"></line>
							</lines>
						</method>
						<method name="runVersion" signature="" line-rate="0" branch-rate="0" complexity="0" line-count="0" line-hits="0">
							<lines>
								<line number="20" hits="0"></line>
							</lines>
						</method>
					</methods>
					<lines>
						<line number="11" hits="0"></line>
						<line number="20" hits="0"></line>
						<line number="25" hits="0"></line>
						<line number="26" hits="0"></line>
						<line number="27" hits="0"></line>
						<line number="28" hits="0"></line>
					</lines>
				</class>
			</classes>
		</package>
		<package name="github.com/syntropysoft/praetorian-go/internal/domain/models" line-rate="0" branch-rate="0" complexity="0" line-count="1" line-hits="0">
			<classes>
				<class name="-" filename="internal/domain/models/config.go" line-rate="0" branch-rate="0" complexity="0" line-count="1" line-hits="0">
					<methods>
						<method name="DefaultConfig" signature="" line-rate="0" branch-rate="0" complexity="0" line-count="0" line-hits="0">
							<lines>
								<line number="90" hits="0"></line>
							</lines>
						</method>
					</methods>
					<lines>
						<line number="90" hits="0"></line>
					</lines>
				</class>
			</classes>
		</package>
		<package name="github.com/syntropysoft/praetorian-go/internal/services/validation" line-rate="0" branch-rate="0" complexity="0" line-count="100" line-hits="0">
			<classes>
				<class name="-" filename="internal/services/validation/pipeline.go" line-rate="0" branch-rate="0" complexity="0" line-count="4" line-hits="0">
					<methods>
						<method name="@115:5" signature="" line-rate="0" branch-rate="0" complexity="0" line-count="0" line-hits="0">
							<lines>
								<line number="116" hits="0"></line>
								<line number="117" hits="0"></line>
								<line number="118" hits="0"></line>
							</lines>
						</method>
						<method name="NewFilePipeline" signature="" line-rate="0" branch-rate="0" complexity="0" line-count="0" line-hits="0">
							<lines>
								<line number="22" hits="0"></line>
							</lines>
						</method>
					</methods>
					<lines>
						<line number="22" hits="0"></line>
						<line number="116" hits="0"></line>
						<line number="117" hits="0"></line>
						<line number="118" hits="0"></line>
					</lines>
				</class>
				<class name="FilePipeline" filename="internal/services/validation/pipeline.go" line-rate="0" branch-rate="0" complexity="0" line-count="96" line-hits="0">
					<methods>
						<method name="GetProcessors" signature="" line-rate="0" branch-rate="0" complexity="0" line-count="0" line-hits="0">
							<lines>
								<line number="87" hits="0"></line>
								<line number="88" hits="0"></line>
								<line number="89" hits="0"></line>
							</lines>
						</method>
						<method name="ProcessFile" signature="" line-rate="0" branch-rate="0" complexity="0" line-count="0" line-hits="0">
							<lines>
								<line number="48" hits="0"></line>
								<line number="49" hits="0"></line>
								<line number="53" hits="0"></line>
								<line number="54" hits="0"></line>
								<line number="55" hits="0"></line>
								<line number="59" hits="0"></line>
								<line number="60" hits="0"></line>
								<line number="61" hits="0"></line>
								<line number="65" hits="0"></line>
							</lines>
						</method>
						<method name="ProcessFiles" signature="" line-rate="0" branch-rate="0" complexity="0" line-count="0" line-hits="0">
							<lines>
								<line number="32" hits="0"></line>
								<line number="33" hits="0"></line>
								<line number="37" hits="0"></line>
								<line number="38" hits="0"></line>
								<line number="42" hits="0"></line>
							</lines>
						</method>
						<method name="RegisterProcessor" signature="" line-rate="0" branch-rate="0" complexity="0" line-count="0" line-hits="0">
							<lines>
								<line number="71" hits="0"></line>
								<line number="72" hits="0"></line>
								<line number="76" hits="0"></line>
								<line number="77" hits="0"></line>
								<line number="80" hits="0"></line>
								<line number="81" hits="0"></line>
							</lines>
						</method>
						<method name="collectResults" signature="" line-rate="0" branch-rate="0" complexity="0" line-count="0" line-hits="0">
							<lines>
								<line number="157" hits="0"></line>
								<line number="158" hits="0"></line>
								<line number="161" hits="0"></line>
								<line number="162" hits="0"></line>
								<line number="163" hits="0"></line>
								<line number="168" hits="0"></line>
								<line number="169" hits="0"></line>
								<line number="173" hits="0"></line>
								<line number="174" hits="0"></line>
								<line number="177" hits="0"></line>
							</lines>
						</method>
						<method name="findProcessor" signature="" line-rate="0" branch-rate="0" complexity="0" line-count="0" line-hits="0">
							<lines>
								<line number="183" hits="0"></line>
								<line number="184" hits="0"></line>
								<line number="188" hits="0"></line>
								<line number="189" hits="0"></line>
								<line number="190" hits="0"></line>
								<line number="194" hits="0"></line>
							</lines>
						</method>
						<method name="getWorkerCount" signature="" line-rate="0" branch-rate="0" complexity="0" line-count="0" line-hits="0">
							<lines>
								<line number="271" hits="0"></line>
								<line number="272" hits="0"></line>
								<line number="274" hits="0"></line>
							</lines>
						</method>
						<method name="hasExtensionOverlap" signature="" line-rate="0" branch-rate="0" complexity="0" line-count="0" line-hits="0">
							<lines>
								<line number="259" hits="0"></line>
								<line number="260" hits="0"></line>
								<line number="261" hits="0"></line>
								<line number="262" hits="0"></line>
								<line number="266" hits="0"></line>
							</lines>
						</method>
						<method name="isProcessorRegistered" signature="" line-rate="0" branch-rate="0" complexity="0" line-count="0" line-hits="0">
							<lines>
								<line number="245" hits="0"></line>
								<line number="247" hits="0"></line>
								<line number="248" hits="0"></line>
								<line number="249" hits="0"></line>
								<line number="250" hits="0"></line>
								<line number="254" hits="0"></line>
							</lines>
						</method>
						<method name="processFileWithResult" signature="" line-rate="0" branch-rate="0" complexity="0" line-count="0" line-hits="0">
							<lines>
								<line number="147" hits="0"></line>
								<line number="148" hits="0"></line>
							</lines>
						</method>
						<method name="processFilesConcurrently" signature="" line-rate="0" branch-rate="0" complexity="0" line-count="0" line-hits="0">
							<lines>
								<line number="95" hits="0"></line>
								<line number="96" hits="0"></line>
								<line number="97" hits="0"></line>
								<line number="100" hits="0"></line>
								<line number="101" hits="0"></line>
								<line number="103" hits="0"></line>
								<line number="104" hits="0"></line>
								<line number="105" hits="0"></line>
								<line number="109" hits="0"></line>
								<line number="110" hits="0"></line>
								<line number="112" hits="0"></line>
								<line number="115" hits="0"></line>
								<line number="122" hits="0"></line>
							</lines>
						</method>
						<method name="readFileContent" signature="" line-rate="0" branch-rate="0" complexity="0" line-count="0" line-hits="0">
							<lines>
								<line number="200" hits="0"></line>
								<line number="201" hits="0"></line>
								<line number="205" hits="0"></line>
								<line number="206" hits="0"></line>
								<line number="207" hits="0"></line>
								<line number="211" hits="0"></line>
							</lines>
						</method>
						<method name="validateFilename" signature="" line-rate="0" branch-rate="0" complexity="0" line-count="0" line-hits="0">
							<lines>
								<line number="234" hits="0"></line>
								<line number="235" hits="0"></line>
								<line number="237" hits="0"></line>
								<line number="238" hits="0"></line>
								<line number="240" hits="0"></line>
							</lines>
						</method>
						<method name="validateFilenames" signature="" line-rate="0" branch-rate="0" complexity="0" line-count="0" line-hits="0">
							<lines>
								<line number="216" hits="0"></line>
								<line number="217" hits="0"></line>
								<line number="219" hits="0"></line>
								<line number="220" hits="0"></line>
								<line number="223" hits="0"></line>
								<line number="224" hits="0"></line>
								<line number="225" hits="0"></line>
								<line number="229" hits="0"></line>
							</lines>
						</method>
						<method name="worker" signature="" line-rate="0" branch-rate="0" complexity="0" line-count="0" line-hits="0">
							<lines>
								<line number="127" hits="0"></line>
								<line number="129" hits="0"></line>
								<line number="130" hits="0"></line>
								<line number="132" hits="0"></line>
								<line number="133" hits="0"></line>
								<line number="135" hits="0"></line>
								<line number="136" hits="0"></line>
								<line number="137" hits="0"></line>
								<line number="139" hits="0"></line>
							</lines>
						</method>
					</methods>
					<lines>
						<line number="32" hits="0"></line>
						<line number="33" hits="0"></line>
						<line number="37" hits="0"></line>
						<line number="38" hits="0"></line>
						<line number="42" hits="0"></line>
						<line number="48" hits="0"></line>
						<line number="49" hits="0"></line>
						<line number="53" hits="0"></line>
						<line number="54" hits="0"></line>
						<line number="55" hits="0"></line>
						<line number="59" hits="0"></line>
						<line number="60" hits="0"></line>
						<line number="61" hits="0"></line>
						<line number="65" hits="0"></line>
						<line number="71" hits="0"></line>
						<line number="72" hits="0"></line>
						<line number="76" hits="0"></line>
						<line number="77" hits="0"></line>
						<line number="80" hits="0"></line>
						<line number="81" hits="0"></line>
						<line number="87" hits="0"></line>
						<line number="88" hits="0"></line>
						<line number="89" hits="0"></line>
						<line number="95" hits="0"></line>
						<line number="96" hits="0"></line>
						<line number="97" hits="0"></line>
						<line number="100" hits="0"></line>
						<line number="101" hits="0"></line>
						<line number="103" hits="0"></line>
						<line number="104" hits="0"></line>
						<line number="105" hits="0"></line>
						<line number="109" hits="0"></line>
						<line number="110" hits="0"></line>
						<line number="112" hits="0"></line>
						<line number="115" hits="0"></line>
						<line number="122" hits="0"></line>
						<line number="127" hits="0"></line>
						<line number="129" hits="0"></line>
						<line number="130" hits="0"></line>
						<line number="132" hits="0"></line>
						<line number="133" hits="0"></line>
						<line number="135" hits="0"></line>
						<line number="136" hits="0"></line>
						<line number="137" hits="0"></line>
						<line number="139" hits="0"></line>
						<line number="147" hits="0"></line>
						<line number="148" hits="0"></line>
						<line number="157" hits="0"></line>
						<line number="158" hits="0"></line>
						<line number="161" hits="0"></line>
						<line number="162" hits="0"></line>
						<line number="163" hits="0"></line>
						<line number="168" hits="0"></line>
						<line number="169" hits="0"></line>
						<line number="173" hits="0"></line>
						<line number="174" hits="0"></line>
						<line number="177" hits="0"></line>
						<line number="183" hits="0"></line>
						<line number="184" hits="0"></line>
						<line number="188" hits="0"></line>
						<line number="189" hits="0"></line>
						<line number="190" hits="0"></line>
						<line number="194" hits="0"></line>
						<line number="200" hits="0"></line>
						<line number="201" hits="0"></line>
						<line number="205" hits="0"></line>
						<line number="206" hits="0"></line>
						<line number="207" hits="0"></line>
						<line number="211" hits="0"></line>
						<line number="216" hits="0"></line>
						<line number="217" hits="0"></line>
						<line number="219" hits="0"></line>
						<line number="220" hits="0"></line>
						<line number="223" hits="0"></line>
						<line number="224" hits="0"></line>
						<line number="225" hits="0"></line>
						<line number="229" hits="0"></line>
						<line number="234" hits="0"></line>
						<line number="235" hits="0"></line>
						<line number="237" hits="0"></line>
						<line number="238" hits="0"></line>
						<line number="240" hits="0"></line>
						<line number="245" hits="0"></line>
						<line number="247" hits="0"></line>
						<line number="248" hits="0"></line>
						<line number="249" hits="0"></line>
						<line number="250" hits="0"></line>
						<line number="254" hits="0"></line>
						<line number="259" hits="0"></line>
						<line number="260" hits="0"></line>
						<line number="261" hits="0"></line>
						<line number="262" hits="0"></line>
						<line number="266" hits="0"></line>
						<line number="271" hits="0"></line>
						<line number="272" hits="0"></line>
						<line number="274" hits="0"></line>
					</lines>
				</class>
			</classes>
		</package>
		<package name="github.com/syntropysoft/praetorian-go/tests" line-rate="0" branch-rate="0" complexity="0" line-count="34" line-hits="0">
			<classes>
				<class name="-" filename="tests/test_helper.go" line-rate="0" branch-rate="0" complexity="0" line-count="2" line-hits="0">
					<methods>
						<method name="NewTestHelper" signature="" line-rate="0" branch-rate="0" complexity="0" line-count="0" line-hits="0">
							<lines>
								<line number="18" hits="0"></line>
								<line number="19" hits="0"></line>
							</lines>
						</method>
					</methods>
					<lines>
						<line number="18" hits="0"></line>
						<line number="19" hits="0"></line>
					</lines>
				</class>
				<class name="TestHelper" filename="tests/test_helper.go" line-rate="0" branch-rate="0" complexity="0" line-count="32" line-hits="0">
					<methods>
						<method name="AssertFileContains" signature="" line-rate="0" branch-rate="0" complexity="0" line-count="0" line-hits="0">
							<lines>
								<line number="62" hits="0"></line>
								<line number="64" hits="0"></line>
								<line number="65" hits="0"></line>
								<line number="66" hits="0"></line>
								<line number="69" hits="0"></line>
								<line number="70" hits="0"></line>
							</lines>
						</method>
						<method name="AssertFileExists" signature="" line-rate="0" branch-rate="0" complexity="0" line-count="0" line-hits="0">
							<lines>
								<line number="76" hits="0"></line>
								<line number="78" hits="0"></line>
								<line number="79" hits="0"></line>
							</lines>
						</method>
						<method name="AssertFileNotExists" signature="" line-rate="0" branch-rate="0" complexity="0" line-count="0" line-hits="0">
							<lines>
								<line number="85" hits="0"></line>
								<line number="87" hits="0"></line>
								<line number="88" hits="0"></line>
							</lines>
						</method>
						<method name="Cleanup" signature="" line-rate="0" branch-rate="0" complexity="0" line-count="0" line-hits="0">
							<lines>
								<line number="94" hits="0"></line>
							</lines>
						</method>
						<method name="CreateTestFile" signature="" line-rate="0" branch-rate="0" complexity="0" line-count="0" line-hits="0">
							<lines>
								<line number="24" hits="0"></line>
								<line number="25" hits="0"></line>
								<line number="27" hits="0"></line>
								<line number="28" hits="0"></line>
								<line number="31" hits="0"></line>
								<line number="32" hits="0"></line>
								<line number="35" hits="0"></line>
							</lines>
						</method>
						<method name="FileExists" signature="" line-rate="0" branch-rate="0" complexity="0" line-count="0" line-hits="0">
							<lines>
								<line number="45" hits="0"></line>
								<line number="46" hits="0"></line>
								<line number="47" hits="0"></line>
							</lines>
						</method>
						<method name="GenerateJSONConfig" signature="" line-rate="0" branch-rate="0" complexity="0" line-count="0" line-hits="0">
							<lines>
								<line number="110" hits="0"></line>
							</lines>
						</method>
						<method name="GeneratePropertiesConfig" signature="" line-rate="0" branch-rate="0" complexity="0" line-count="0" line-hits="0">
							<lines>
								<line number="124" hits="0"></line>
							</lines>
						</method>
						<method name="GenerateYAMLConfig" signature="" line-rate="0" branch-rate="0" complexity="0" line-count="0" line-hits="0">
							<lines>
								<line number="99" hits="0"></line>
							</lines>
						</method>
						<method name="GetTestFilePath" signature="" line-rate="0" branch-rate="0" complexity="0" line-count="0" line-hits="0">
							<lines>
								<line number="40" hits="0"></line>
							</lines>
						</method>
						<method name="ReadTestFile" signature="" line-rate="0" branch-rate="0" complexity="0" line-count="0" line-hits="0">
							<lines>
								<line number="52" hits="0"></line>
								<line number="53" hits="0"></line>
								<line number="54" hits="0"></line>
								<line number="55" hits="0"></line>
								<line number="57" hits="0"></line>
							</lines>
						</method>
					</methods>
					<lines>
						<line number="24" hits="0"></line>
						<line number="25" hits="0"></line>
						<line number="27" hits="0"></line>
						<line number="28" hits="0"></line>
						<line number="31" hits="0"></line>
						<line number="32" hits="0"></line>
						<line number="35" hits="0"></line>
						<line number="40" hits="0"></line>
						<line number="45" hits="0"></line>
						<line number="46" hits="0"></line>
						<line number="47" hits="0"></line>
						<line number="52" hits="0"></line>
						<line number="53" hits="0"></line>
						<line number="54" hits="0"></line>
						<line number="55" hits="0"></line>
						<line number="57" hits="0"></line>
						<line number="62" hits="0"></line>
						<line number="64" hits="0"></line>
						<line number="65" hits="0"></line>
						<line number="66" hits="0"></line>
						<line number="69" hits="0"></line>
						<line number="70" hits="0"></line>
						<line number="76" hits="0"></line>
						<line number="78" hits="0"></line>
						<line number="79" hits="0"></line>
						<line number="85" hits="0"></line>
						<line number="87" hits="0"></line>
						<line number="88" hits="0"></line>
						<line number="94" hits="0"></line>
						<line number="99" hits="0"></line>
						<line number="110" hits="0"></line>
						<line number="124" hits="0"></line>
					</lines>
				</class>
			</classes>
		</package>
	</packages>
	<sources>
		<source>/Users/gabrielalejandrogomez/source/libs/syntropy/praetorian/praetorian-go</source>
	</sources>
</coverage>
